#
# There is insufficient memory for the Java Runtime Environment to continue.
# Native memory allocation (mmap) failed to map 99614720 bytes for G1 virtual space
# Possible reasons:
#   The system is out of physical RAM or swap space
#   The process is running with CompressedOops enabled, and the Java Heap may be blocking the growth of the native heap
# Possible solutions:
#   Reduce memory load on the system
#   Increase physical memory or swap space
#   Check if swap backing store is full
#   Decrease Java heap size (-Xmx/-Xms)
#   Decrease number of Java threads
#   Decrease Java thread stack sizes (-Xss)
#   Set larger code cache with -XX:ReservedCodeCacheSize=
#   JVM is running with Unscaled Compressed Oops mode in which the Java heap is
#     placed in the first 4GB address space. The Java Heap base address is the
#     maximum limit for the native heap growth. Please use -XX:HeapBaseMinAddress
#     to set the Java Heap base and to place the Java Heap above 4GB virtual address.
# This output file may be truncated or incomplete.
#
#  Out of Memory Error (os_windows.cpp:3466), pid=7468, tid=13008
#
# JRE version: OpenJDK Runtime Environment Corretto-16.0.1.9.1 (16.0.1+9) (build 16.0.1+9)
# Java VM: OpenJDK 64-Bit Server VM Corretto-16.0.1.9.1 (16.0.1+9, mixed mode, sharing, tiered, compressed oops, compressed class ptrs, g1 gc, windows-amd64)
# No core dump will be written. Minidumps are not enabled by default on client versions of Windows
#

---------------  S U M M A R Y ------------

Command Line: -Dmaven.multiModuleProjectDirectory=C:\Users\chana\ServerGuard-Remastered -Dmaven.home=C:\Program Files\JetBrains\IntelliJ IDEA Community Edition 2021.1.2\plugins\maven\lib\maven3 -Dclassworlds.conf=C:\Program Files\JetBrains\IntelliJ IDEA Community Edition 2021.1.2\plugins\maven\lib\maven3\bin\m2.conf -Dmaven.ext.class.path=C:\Program Files\JetBrains\IntelliJ IDEA Community Edition 2021.1.2\plugins\maven\lib\maven-event-listener.jar -javaagent:C:\Program Files\JetBrains\IntelliJ IDEA Community Edition 2021.1.2\lib\idea_rt.jar=51287:C:\Program Files\JetBrains\IntelliJ IDEA Community Edition 2021.1.2\bin -Dfile.encoding=UTF-8 org.codehaus.classworlds.Launcher -Didea.version=2021.1.3 package

Host: AMD Ryzen 5 4600H with Radeon Graphics         , 12 cores, 7G,  Windows 10 , 64 bit Build 22000 (10.0.22000.37)
Time: Sun Aug  1 12:32:48 2021 SE Asia Standard Time elapsed time: 12.235078 seconds (0d 0h 0m 12s)

---------------  T H R E A D  ---------------

Current thread (0x000001ddac6e2ed0):  VMThread "VM Thread" [stack: 0x00000027f9900000,0x00000027f9a00000] [id=13008]

Stack: [0x00000027f9900000,0x00000027f9a00000]
Native frames: (J=compiled Java code, j=interpreted, Vv=VM code, C=native code)
V  [jvm.dll+0x647c6a]
V  [jvm.dll+0x7f0369]
V  [jvm.dll+0x7f1af3]
V  [jvm.dll+0x7f2143]
V  [jvm.dll+0x23dff8]
V  [jvm.dll+0x6449aa]
V  [jvm.dll+0x6395f5]
V  [jvm.dll+0x2f6549]
V  [jvm.dll+0x2fd366]
V  [jvm.dll+0x34984a]
V  [jvm.dll+0x349a8f]
V  [jvm.dll+0x2cc768]
V  [jvm.dll+0x2ca691]
V  [jvm.dll+0x2c9cbc]
V  [jvm.dll+0x30e492]
V  [jvm.dll+0x7f64fb]
V  [jvm.dll+0x7f70f8]
V  [jvm.dll+0x7f75fd]
V  [jvm.dll+0x7f78c4]
V  [jvm.dll+0x7f798e]
V  [jvm.dll+0x7a204a]
V  [jvm.dll+0x646aa6]
C  [ucrtbase.dll+0x26c0c]
C  [KERNEL32.DLL+0x154e0]
C  [ntdll.dll+0x485b]

VM_Operation (0x00000027f93fbd50): G1CollectForAllocation, mode: safepoint, requested by thread 0x000001dd8d0fba40


---------------  P R O C E S S  ---------------

Threads class SMR info:
_java_thread_list=0x000001ddaebed9f0, length=14, elements={
0x000001dd8d0fba40, 0x000001ddac6e6b20, 0x000001ddac6e79e0, 0x000001ddac6f85b0,
0x000001ddac6f8fb0, 0x000001ddac6fa9c0, 0x000001ddac6fb3c0, 0x000001ddac6fc1a0,
0x000001ddac7058b0, 0x000001ddac70bc10, 0x000001ddad1ac940, 0x000001ddad23ca40,
0x000001ddad23ef70, 0x000001ddb0796650
}

Java Threads: ( => current thread )
  0x000001dd8d0fba40 JavaThread "main" [_thread_blocked, id=12604, stack(0x00000027f9300000,0x00000027f9400000)]
  0x000001ddac6e6b20 JavaThread "Reference Handler" daemon [_thread_blocked, id=22624, stack(0x00000027f9a00000,0x00000027f9b00000)]
  0x000001ddac6e79e0 JavaThread "Finalizer" daemon [_thread_blocked, id=1468, stack(0x00000027f9b00000,0x00000027f9c00000)]
  0x000001ddac6f85b0 JavaThread "Signal Dispatcher" daemon [_thread_blocked, id=18808, stack(0x00000027f9c00000,0x00000027f9d00000)]
  0x000001ddac6f8fb0 JavaThread "Attach Listener" daemon [_thread_blocked, id=18664, stack(0x00000027f9d00000,0x00000027f9e00000)]
  0x000001ddac6fa9c0 JavaThread "Service Thread" daemon [_thread_blocked, id=14148, stack(0x00000027f9e00000,0x00000027f9f00000)]
  0x000001ddac6fb3c0 JavaThread "Monitor Deflation Thread" daemon [_thread_blocked, id=20800, stack(0x00000027f9f00000,0x00000027fa000000)]
  0x000001ddac6fc1a0 JavaThread "C2 CompilerThread0" daemon [_thread_in_native, id=22096, stack(0x00000027fa000000,0x00000027fa100000)]
  0x000001ddac7058b0 JavaThread "C1 CompilerThread0" daemon [_thread_blocked, id=15424, stack(0x00000027fa100000,0x00000027fa200000)]
  0x000001ddac70bc10 JavaThread "Sweeper thread" daemon [_thread_blocked, id=18888, stack(0x00000027fa200000,0x00000027fa300000)]
  0x000001ddad1ac940 JavaThread "Common-Cleaner" daemon [_thread_blocked, id=6408, stack(0x00000027fa300000,0x00000027fa400000)]
  0x000001ddad23ca40 JavaThread "Monitor Ctrl-Break" daemon [_thread_in_native, id=1464, stack(0x00000027fa400000,0x00000027fa500000)]
  0x000001ddad23ef70 JavaThread "Notification Thread" daemon [_thread_blocked, id=21460, stack(0x00000027fa500000,0x00000027fa600000)]
  0x000001ddb0796650 JavaThread "C2 CompilerThread1" daemon [_thread_blocked, id=21432, stack(0x00000027fb200000,0x00000027fb300000)]

Other Threads:
=>0x000001ddac6e2ed0 VMThread "VM Thread" [stack: 0x00000027f9900000,0x00000027f9a00000] [id=13008]
  0x000001dd8d0fc900 WatcherThread [stack: 0x00000027fa600000,0x00000027fa700000] [id=9196]
  0x000001dd8d13af90 GCTaskThread "GC Thread#0" [stack: 0x00000027f9400000,0x00000027f9500000] [id=12372]
  0x000001ddae20a850 GCTaskThread "GC Thread#1" [stack: 0x00000027fa900000,0x00000027faa00000] [id=3648]
  0x000001ddae20ab60 GCTaskThread "GC Thread#2" [stack: 0x00000027faa00000,0x00000027fab00000] [id=1012]
  0x000001ddadca13b0 GCTaskThread "GC Thread#3" [stack: 0x00000027fab00000,0x00000027fac00000] [id=17656]
  0x000001ddadb51aa0 GCTaskThread "GC Thread#4" [stack: 0x00000027fac00000,0x00000027fad00000] [id=13612]
  0x000001ddadb52230 GCTaskThread "GC Thread#5" [stack: 0x00000027fad00000,0x00000027fae00000] [id=23288]
  0x000001ddadb529c0 GCTaskThread "GC Thread#6" [stack: 0x00000027fae00000,0x00000027faf00000] [id=12464]
  0x000001ddae2136b0 GCTaskThread "GC Thread#7" [stack: 0x00000027faf00000,0x00000027fb000000] [id=12344]
  0x000001ddae3c55c0 GCTaskThread "GC Thread#8" [stack: 0x00000027fb000000,0x00000027fb100000] [id=17956]
  0x000001ddae3c58d0 GCTaskThread "GC Thread#9" [stack: 0x00000027fb100000,0x00000027fb200000] [id=15860]
  0x000001dd8d14bbd0 ConcurrentGCThread "G1 Main Marker" [stack: 0x00000027f9500000,0x00000027f9600000] [id=1064]
  0x000001dd8d14c640 ConcurrentGCThread "G1 Conc#0" [stack: 0x00000027f9600000,0x00000027f9700000] [id=8588]
  0x000001ddaf0bc760 ConcurrentGCThread "G1 Conc#1" [stack: 0x00000027fa700000,0x00000027fa800000] [id=11132]
  0x000001ddaf0bc140 ConcurrentGCThread "G1 Conc#2" [stack: 0x00000027fa800000,0x00000027fa900000] [id=3252]
  0x000001dd8d1cd920 ConcurrentGCThread "G1 Refine#0" [stack: 0x00000027f9700000,0x00000027f9800000] [id=22340]
  0x000001ddb26ecc70 ConcurrentGCThread "G1 Refine#1" [stack: 0x00000027fb300000,0x00000027fb400000] [id=3660]
  0x000001ddae5ebe20 ConcurrentGCThread "G1 Refine#2" [stack: 0x00000027fb400000,0x00000027fb500000] [id=13396]
  0x000001dd8d1ce3a0 ConcurrentGCThread "G1 Service" [stack: 0x00000027f9800000,0x00000027f9900000] [id=12824]

Threads with active compile tasks:
C2 CompilerThread0    12257 8165 %     4       org.vafer.jdeb.shaded.objectweb.asm.ClassReader::readCode @ 2185 (5109 bytes)
C2 CompilerThread1    12258 8351       4       org.vafer.jdeb.shaded.objectweb.asm.ClassReader::readMethod (1061 bytes)

VM state: at safepoint (normal execution)

VM Mutex/Monitor currently owned by a thread:  ([mutex/lock_event])
[0x000001dd8d0f8ce0] Threads_lock - owner thread: 0x000001ddac6e2ed0
[0x000001dd8d0f93a0] Heap_lock - owner thread: 0x000001dd8d0fba40

Heap address: 0x0000000082000000, size: 2016 MB, Compressed Oops mode: 32-bit

CDS archive(s) mapped at: [0x0000000800000000-0x0000000800be0000-0x0000000800be0000), size 12451840, SharedBaseAddress: 0x0000000800000000, ArchiveRelocationMode: 0.
Compressed class space mapped at: 0x0000000800c00000-0x0000000840c00000, reserved size: 1073741824
Narrow klass base: 0x0000000800000000, Narrow klass shift: 3, Narrow klass range: 0x100000000

GC Precious Log:
 CPUs: 12 total, 12 available
 Memory: 8061M
 Large Page Support: Disabled
 NUMA Support: Disabled
 Compressed Oops: Enabled (32-bit)
 Heap Region Size: 1M
 Heap Min Capacity: 8M
 Heap Initial Capacity: 126M
 Heap Max Capacity: 2016M
 Pre-touch: Disabled
 Parallel Workers: 10
 Concurrent Workers: 3
 Concurrent Refinement Workers: 10
 Periodic GC: Disabled

Heap:
 garbage-first heap   total 175104K, used 60029K [0x0000000082000000, 0x0000000100000000)
  region size 1024K, 9 young (9216K), 9 survivors (9216K)
 Metaspace       used 32341K, committed 32832K, reserved 1081344K
  class space    used 3402K, committed 3648K, reserved 1048576K

Heap Regions: E=young(eden), S=young(survivor), O=old, HS=humongous(starts), HC=humongous(continues), CS=collection set, F=free, OA=open archive, CA=closed archive, TAMS=top-at-mark-start (previous, next)
|   0|0x0000000082000000, 0x0000000082100000, 0x0000000082100000|100%| O|  |TAMS 0x0000000082100000, 0x0000000082000000| Untracked 
|   1|0x0000000082100000, 0x0000000082200000, 0x0000000082200000|100%| O|  |TAMS 0x0000000082200000, 0x0000000082100000| Untracked 
|   2|0x0000000082200000, 0x0000000082300000, 0x0000000082300000|100%| O|  |TAMS 0x0000000082300000, 0x0000000082200000| Untracked 
|   3|0x0000000082300000, 0x0000000082400000, 0x0000000082400000|100%| O|  |TAMS 0x0000000082400000, 0x0000000082300000| Untracked 
|   4|0x0000000082400000, 0x0000000082500000, 0x0000000082500000|100%| O|  |TAMS 0x0000000082400000, 0x0000000082400000| Untracked 
|   5|0x0000000082500000, 0x0000000082600000, 0x0000000082600000|100%| O|  |TAMS 0x0000000082500000, 0x0000000082500000| Untracked 
|   6|0x0000000082600000, 0x0000000082700000, 0x0000000082700000|100%| O|  |TAMS 0x0000000082700000, 0x0000000082600000| Untracked 
|   7|0x0000000082700000, 0x0000000082782e00, 0x0000000082800000| 51%| O|  |TAMS 0x0000000082782e00, 0x0000000082700000| Untracked 
|   8|0x0000000082800000, 0x0000000082900000, 0x0000000082900000|100%|HS|  |TAMS 0x0000000082900000, 0x0000000082800000| Complete 
|   9|0x0000000082900000, 0x0000000082a00000, 0x0000000082a00000|100%|HC|  |TAMS 0x0000000082a00000, 0x0000000082900000| Complete 
|  10|0x0000000082a00000, 0x0000000082b00000, 0x0000000082b00000|100%| O|  |TAMS 0x0000000082b00000, 0x0000000082a00000| Untracked 
|  11|0x0000000082b00000, 0x0000000082c00000, 0x0000000082c00000|100%| O|  |TAMS 0x0000000082c00000, 0x0000000082b00000| Untracked 
|  12|0x0000000082c00000, 0x0000000082d00000, 0x0000000082d00000|100%| O|  |TAMS 0x0000000082d00000, 0x0000000082c00000| Untracked 
|  13|0x0000000082d00000, 0x0000000082e00000, 0x0000000082e00000|100%| O|  |TAMS 0x0000000082e00000, 0x0000000082d00000| Untracked 
|  14|0x0000000082e00000, 0x0000000082f00000, 0x0000000082f00000|100%| O|  |TAMS 0x0000000082f00000, 0x0000000082e00000| Untracked 
|  15|0x0000000082f00000, 0x0000000083000000, 0x0000000083000000|100%| O|  |TAMS 0x0000000083000000, 0x0000000082f00000| Untracked 
|  16|0x0000000083000000, 0x0000000083100000, 0x0000000083100000|100%| O|  |TAMS 0x0000000083100000, 0x0000000083000000| Untracked 
|  17|0x0000000083100000, 0x0000000083200000, 0x0000000083200000|100%| O|  |TAMS 0x0000000083200000, 0x0000000083100000| Untracked 
|  18|0x0000000083200000, 0x0000000083300000, 0x0000000083300000|100%| O|  |TAMS 0x0000000083300000, 0x0000000083200000| Untracked 
|  19|0x0000000083300000, 0x0000000083400000, 0x0000000083400000|100%| O|  |TAMS 0x0000000083400000, 0x0000000083300000| Untracked 
|  20|0x0000000083400000, 0x0000000083500000, 0x0000000083500000|100%| O|  |TAMS 0x0000000083500000, 0x0000000083400000| Untracked 
|  21|0x0000000083500000, 0x0000000083600000, 0x0000000083600000|100%| O|  |TAMS 0x0000000083600000, 0x0000000083500000| Untracked 
|  22|0x0000000083600000, 0x0000000083700000, 0x0000000083700000|100%| O|  |TAMS 0x0000000083700000, 0x0000000083600000| Untracked 
|  23|0x0000000083700000, 0x0000000083800000, 0x0000000083800000|100%| O|  |TAMS 0x0000000083800000, 0x0000000083700000| Untracked 
|  24|0x0000000083800000, 0x0000000083900000, 0x0000000083900000|100%| O|  |TAMS 0x0000000083900000, 0x0000000083800000| Untracked 
|  25|0x0000000083900000, 0x0000000083a00000, 0x0000000083a00000|100%| O|  |TAMS 0x0000000083900000, 0x0000000083900000| Untracked 
|  26|0x0000000083a00000, 0x0000000083b00000, 0x0000000083b00000|100%| O|  |TAMS 0x0000000083b00000, 0x0000000083a00000| Untracked 
|  27|0x0000000083b00000, 0x0000000083c00000, 0x0000000083c00000|100%| O|  |TAMS 0x0000000083c00000, 0x0000000083b00000| Untracked 
|  28|0x0000000083c00000, 0x0000000083d00000, 0x0000000083d00000|100%| O|  |TAMS 0x0000000083c62200, 0x0000000083c00000| Untracked 
|  29|0x0000000083d00000, 0x0000000083e00000, 0x0000000083e00000|100%| O|  |TAMS 0x0000000083d00000, 0x0000000083d00000| Untracked 
|  30|0x0000000083e00000, 0x0000000083f00000, 0x0000000083f00000|100%| O|  |TAMS 0x0000000083e00000, 0x0000000083e00000| Untracked 
|  31|0x0000000083f00000, 0x0000000084000000, 0x0000000084000000|100%|HS|  |TAMS 0x0000000083f00000, 0x0000000083f00000| Complete 
|  32|0x0000000084000000, 0x0000000084100000, 0x0000000084100000|100%|HC|  |TAMS 0x0000000084000000, 0x0000000084000000| Complete 
|  33|0x0000000084100000, 0x0000000084200000, 0x0000000084200000|100%| O|  |TAMS 0x0000000084100000, 0x0000000084100000| Untracked 
|  34|0x0000000084200000, 0x0000000084300000, 0x0000000084300000|100%| O|  |TAMS 0x0000000084200000, 0x0000000084200000| Untracked 
|  35|0x0000000084300000, 0x0000000084400000, 0x0000000084400000|100%| O|  |TAMS 0x0000000084300000, 0x0000000084300000| Untracked 
|  36|0x0000000084400000, 0x0000000084500000, 0x0000000084500000|100%| O|  |TAMS 0x0000000084400000, 0x0000000084400000| Untracked 
|  37|0x0000000084500000, 0x0000000084600000, 0x0000000084600000|100%| O|  |TAMS 0x0000000084500000, 0x0000000084500000| Untracked 
|  38|0x0000000084600000, 0x0000000084700000, 0x0000000084700000|100%| O|  |TAMS 0x0000000084600000, 0x0000000084600000| Untracked 
|  39|0x0000000084700000, 0x0000000084800000, 0x0000000084800000|100%| O|  |TAMS 0x0000000084700000, 0x0000000084700000| Untracked 
|  40|0x0000000084800000, 0x0000000084900000, 0x0000000084900000|100%| O|  |TAMS 0x0000000084800000, 0x0000000084800000| Untracked 
|  41|0x0000000084900000, 0x0000000084a00000, 0x0000000084a00000|100%| O|  |TAMS 0x0000000084900000, 0x0000000084900000| Untracked 
|  42|0x0000000084a00000, 0x0000000084b00000, 0x0000000084b00000|100%| O|  |TAMS 0x0000000084a00000, 0x0000000084a00000| Untracked 
|  43|0x0000000084b00000, 0x0000000084c00000, 0x0000000084c00000|100%| O|  |TAMS 0x0000000084b00000, 0x0000000084b00000| Untracked 
|  44|0x0000000084c00000, 0x0000000084cb3200, 0x0000000084d00000| 69%| O|  |TAMS 0x0000000084c00000, 0x0000000084c00000| Untracked 
|  45|0x0000000084d00000, 0x0000000084d00000, 0x0000000084e00000|  0%| F|  |TAMS 0x0000000084d00000, 0x0000000084d00000| Untracked 
|  46|0x0000000084e00000, 0x0000000084e00000, 0x0000000084f00000|  0%| F|  |TAMS 0x0000000084e00000, 0x0000000084e00000| Untracked 
|  47|0x0000000084f00000, 0x0000000084f00000, 0x0000000085000000|  0%| F|  |TAMS 0x0000000084f00000, 0x0000000084f00000| Untracked 
|  48|0x0000000085000000, 0x0000000085000000, 0x0000000085100000|  0%| F|  |TAMS 0x0000000085000000, 0x0000000085000000| Untracked 
|  49|0x0000000085100000, 0x0000000085100000, 0x0000000085200000|  0%| F|  |TAMS 0x0000000085100000, 0x0000000085100000| Untracked 
|  50|0x0000000085200000, 0x0000000085200000, 0x0000000085300000|  0%| F|  |TAMS 0x0000000085200000, 0x0000000085200000| Untracked 
|  51|0x0000000085300000, 0x0000000085300000, 0x0000000085400000|  0%| F|  |TAMS 0x0000000085300000, 0x0000000085300000| Untracked 
|  52|0x0000000085400000, 0x0000000085400000, 0x0000000085500000|  0%| F|  |TAMS 0x0000000085400000, 0x0000000085400000| Untracked 
|  53|0x0000000085500000, 0x0000000085500000, 0x0000000085600000|  0%| F|  |TAMS 0x0000000085500000, 0x0000000085500000| Untracked 
|  54|0x0000000085600000, 0x0000000085600000, 0x0000000085700000|  0%| F|  |TAMS 0x0000000085600000, 0x0000000085600000| Untracked 
|  55|0x0000000085700000, 0x0000000085700000, 0x0000000085800000|  0%| F|  |TAMS 0x0000000085700000, 0x0000000085700000| Untracked 
|  56|0x0000000085800000, 0x0000000085800000, 0x0000000085900000|  0%| F|  |TAMS 0x0000000085800000, 0x0000000085800000| Untracked 
|  57|0x0000000085900000, 0x0000000085900000, 0x0000000085a00000|  0%| F|  |TAMS 0x0000000085900000, 0x0000000085900000| Untracked 
|  58|0x0000000085a00000, 0x0000000085a00000, 0x0000000085b00000|  0%| F|  |TAMS 0x0000000085a00000, 0x0000000085a00000| Untracked 
|  59|0x0000000085b00000, 0x0000000085b00000, 0x0000000085c00000|  0%| F|  |TAMS 0x0000000085b00000, 0x0000000085b00000| Untracked 
|  60|0x0000000085c00000, 0x0000000085c69620, 0x0000000085d00000| 41%| S|CS|TAMS 0x0000000085c00000, 0x0000000085c00000| Complete 
|  61|0x0000000085d00000, 0x0000000085e00000, 0x0000000085e00000|100%| S|CS|TAMS 0x0000000085d00000, 0x0000000085d00000| Complete 
|  62|0x0000000085e00000, 0x0000000085f00000, 0x0000000085f00000|100%| S|CS|TAMS 0x0000000085e00000, 0x0000000085e00000| Complete 
|  63|0x0000000085f00000, 0x0000000086000000, 0x0000000086000000|100%| S|CS|TAMS 0x0000000085f00000, 0x0000000085f00000| Complete 
|  64|0x0000000086000000, 0x0000000086000000, 0x0000000086100000|  0%| F|  |TAMS 0x0000000086000000, 0x0000000086000000| Untracked 
|  65|0x0000000086100000, 0x0000000086100000, 0x0000000086200000|  0%| F|  |TAMS 0x0000000086100000, 0x0000000086100000| Untracked 
|  66|0x0000000086200000, 0x0000000086200000, 0x0000000086300000|  0%| F|  |TAMS 0x0000000086200000, 0x0000000086200000| Untracked 
|  67|0x0000000086300000, 0x0000000086300000, 0x0000000086400000|  0%| F|  |TAMS 0x0000000086300000, 0x0000000086300000| Untracked 
|  68|0x0000000086400000, 0x0000000086400000, 0x0000000086500000|  0%| F|  |TAMS 0x0000000086400000, 0x0000000086400000| Untracked 
|  69|0x0000000086500000, 0x0000000086500000, 0x0000000086600000|  0%| F|  |TAMS 0x0000000086500000, 0x0000000086500000| Untracked 
|  70|0x0000000086600000, 0x0000000086600000, 0x0000000086700000|  0%| F|  |TAMS 0x0000000086600000, 0x0000000086600000| Untracked 
|  71|0x0000000086700000, 0x0000000086800000, 0x0000000086800000|100%| S|CS|TAMS 0x0000000086700000, 0x0000000086700000| Complete 
|  72|0x0000000086800000, 0x0000000086900000, 0x0000000086900000|100%| S|CS|TAMS 0x0000000086800000, 0x0000000086800000| Complete 
|  73|0x0000000086900000, 0x0000000086900000, 0x0000000086a00000|  0%| F|  |TAMS 0x0000000086900000, 0x0000000086900000| Untracked 
|  74|0x0000000086a00000, 0x0000000086a00000, 0x0000000086b00000|  0%| F|  |TAMS 0x0000000086a00000, 0x0000000086a00000| Untracked 
|  75|0x0000000086b00000, 0x0000000086c00000, 0x0000000086c00000|100%| S|CS|TAMS 0x0000000086b00000, 0x0000000086b00000| Complete 
|  76|0x0000000086c00000, 0x0000000086d00000, 0x0000000086d00000|100%| S|CS|TAMS 0x0000000086c00000, 0x0000000086c00000| Complete 
|  77|0x0000000086d00000, 0x0000000086e00000, 0x0000000086e00000|100%| S|CS|TAMS 0x0000000086d00000, 0x0000000086d00000| Complete 
|  78|0x0000000086e00000, 0x0000000086e00000, 0x0000000086f00000|  0%| F|  |TAMS 0x0000000086e00000, 0x0000000086e00000| Untracked 
|  79|0x0000000086f00000, 0x0000000086f00000, 0x0000000087000000|  0%| F|  |TAMS 0x0000000086f00000, 0x0000000086f00000| Untracked 
|  80|0x0000000087000000, 0x0000000087000000, 0x0000000087100000|  0%| F|  |TAMS 0x0000000087000000, 0x0000000087000000| Untracked 
|  81|0x0000000087100000, 0x0000000087100000, 0x0000000087200000|  0%| F|  |TAMS 0x0000000087100000, 0x0000000087100000| Untracked 
|  82|0x0000000087200000, 0x0000000087200000, 0x0000000087300000|  0%| F|  |TAMS 0x0000000087200000, 0x0000000087200000| Untracked 
|  83|0x0000000087300000, 0x0000000087300000, 0x0000000087400000|  0%| F|  |TAMS 0x0000000087300000, 0x0000000087300000| Untracked 
|  84|0x0000000087400000, 0x0000000087400000, 0x0000000087500000|  0%| F|  |TAMS 0x0000000087400000, 0x0000000087400000| Untracked 
|  85|0x0000000087500000, 0x0000000087500000, 0x0000000087600000|  0%| F|  |TAMS 0x0000000087500000, 0x0000000087500000| Untracked 
|  86|0x0000000087600000, 0x0000000087600000, 0x0000000087700000|  0%| F|  |TAMS 0x0000000087600000, 0x0000000087600000| Untracked 
|  87|0x0000000087700000, 0x0000000087700000, 0x0000000087800000|  0%| F|  |TAMS 0x0000000087700000, 0x0000000087700000| Untracked 
|  88|0x0000000087800000, 0x0000000087800000, 0x0000000087900000|  0%| F|  |TAMS 0x0000000087800000, 0x0000000087800000| Untracked 
|  89|0x0000000087900000, 0x0000000087900000, 0x0000000087a00000|  0%| F|  |TAMS 0x0000000087900000, 0x0000000087900000| Untracked 
|  90|0x0000000087a00000, 0x0000000087a00000, 0x0000000087b00000|  0%| F|  |TAMS 0x0000000087a00000, 0x0000000087a00000| Untracked 
|  91|0x0000000087b00000, 0x0000000087b00000, 0x0000000087c00000|  0%| F|  |TAMS 0x0000000087b00000, 0x0000000087b00000| Untracked 
|  92|0x0000000087c00000, 0x0000000087c00000, 0x0000000087d00000|  0%| F|  |TAMS 0x0000000087c00000, 0x0000000087c00000| Untracked 
|  93|0x0000000087d00000, 0x0000000087d00000, 0x0000000087e00000|  0%| F|  |TAMS 0x0000000087d00000, 0x0000000087d00000| Untracked 
|  94|0x0000000087e00000, 0x0000000087e00000, 0x0000000087f00000|  0%| F|  |TAMS 0x0000000087e00000, 0x0000000087e00000| Untracked 
|  95|0x0000000087f00000, 0x0000000087f00000, 0x0000000088000000|  0%| F|  |TAMS 0x0000000087f00000, 0x0000000087f00000| Untracked 
|  96|0x0000000088000000, 0x0000000088000000, 0x0000000088100000|  0%| F|  |TAMS 0x0000000088000000, 0x0000000088000000| Untracked 
|  97|0x0000000088100000, 0x0000000088100000, 0x0000000088200000|  0%| F|  |TAMS 0x0000000088100000, 0x0000000088100000| Untracked 
|  98|0x0000000088200000, 0x0000000088200000, 0x0000000088300000|  0%| F|  |TAMS 0x0000000088200000, 0x0000000088200000| Untracked 
|  99|0x0000000088300000, 0x0000000088300000, 0x0000000088400000|  0%| F|  |TAMS 0x0000000088300000, 0x0000000088300000| Untracked 
| 100|0x0000000088400000, 0x0000000088400000, 0x0000000088500000|  0%| F|  |TAMS 0x0000000088400000, 0x0000000088400000| Untracked 
| 101|0x0000000088500000, 0x0000000088500000, 0x0000000088600000|  0%| F|  |TAMS 0x0000000088500000, 0x0000000088500000| Untracked 
| 102|0x0000000088600000, 0x0000000088600000, 0x0000000088700000|  0%| F|  |TAMS 0x0000000088600000, 0x0000000088600000| Untracked 
| 103|0x0000000088700000, 0x0000000088700000, 0x0000000088800000|  0%| F|  |TAMS 0x0000000088700000, 0x0000000088700000| Untracked 
| 104|0x0000000088800000, 0x0000000088800000, 0x0000000088900000|  0%| F|  |TAMS 0x0000000088800000, 0x0000000088800000| Untracked 
| 105|0x0000000088900000, 0x0000000088900000, 0x0000000088a00000|  0%| F|  |TAMS 0x0000000088900000, 0x0000000088900000| Untracked 
| 106|0x0000000088a00000, 0x0000000088a00000, 0x0000000088b00000|  0%| F|  |TAMS 0x0000000088a00000, 0x0000000088a00000| Untracked 
| 107|0x0000000088b00000, 0x0000000088b00000, 0x0000000088c00000|  0%| F|  |TAMS 0x0000000088b00000, 0x0000000088b00000| Untracked 
| 108|0x0000000088c00000, 0x0000000088c00000, 0x0000000088d00000|  0%| F|  |TAMS 0x0000000088c00000, 0x0000000088c00000| Untracked 
| 109|0x0000000088d00000, 0x0000000088d00000, 0x0000000088e00000|  0%| F|  |TAMS 0x0000000088d00000, 0x0000000088d00000| Untracked 
| 110|0x0000000088e00000, 0x0000000088e00000, 0x0000000088f00000|  0%| F|  |TAMS 0x0000000088e00000, 0x0000000088e00000| Untracked 
| 111|0x0000000088f00000, 0x0000000088f00000, 0x0000000089000000|  0%| F|  |TAMS 0x0000000088f00000, 0x0000000088f00000| Untracked 
| 112|0x0000000089000000, 0x0000000089000000, 0x0000000089100000|  0%| F|  |TAMS 0x0000000089000000, 0x0000000089000000| Untracked 
| 113|0x0000000089100000, 0x0000000089100000, 0x0000000089200000|  0%| F|  |TAMS 0x0000000089100000, 0x0000000089100000| Untracked 
| 114|0x0000000089200000, 0x0000000089200000, 0x0000000089300000|  0%| F|  |TAMS 0x0000000089200000, 0x0000000089200000| Untracked 
| 115|0x0000000089300000, 0x0000000089300000, 0x0000000089400000|  0%| F|  |TAMS 0x0000000089300000, 0x0000000089300000| Untracked 
| 116|0x0000000089400000, 0x0000000089400000, 0x0000000089500000|  0%| F|  |TAMS 0x0000000089400000, 0x0000000089400000| Untracked 
| 117|0x0000000089500000, 0x0000000089500000, 0x0000000089600000|  0%| F|  |TAMS 0x0000000089500000, 0x0000000089500000| Untracked 
| 118|0x0000000089600000, 0x0000000089600000, 0x0000000089700000|  0%| F|  |TAMS 0x0000000089600000, 0x0000000089600000| Untracked 
| 119|0x0000000089700000, 0x0000000089700000, 0x0000000089800000|  0%| F|  |TAMS 0x0000000089700000, 0x0000000089700000| Untracked 
| 120|0x0000000089800000, 0x0000000089800000, 0x0000000089900000|  0%| F|  |TAMS 0x0000000089800000, 0x0000000089800000| Untracked 
| 121|0x0000000089900000, 0x0000000089900000, 0x0000000089a00000|  0%| F|  |TAMS 0x0000000089900000, 0x0000000089900000| Untracked 
| 122|0x0000000089a00000, 0x0000000089a00000, 0x0000000089b00000|  0%| F|  |TAMS 0x0000000089a00000, 0x0000000089a00000| Untracked 
| 123|0x0000000089b00000, 0x0000000089b00000, 0x0000000089c00000|  0%| F|  |TAMS 0x0000000089b00000, 0x0000000089b00000| Untracked 
| 124|0x0000000089c00000, 0x0000000089c00000, 0x0000000089d00000|  0%| F|  |TAMS 0x0000000089c00000, 0x0000000089c00000| Untracked 
| 125|0x0000000089d00000, 0x0000000089d00000, 0x0000000089e00000|  0%| F|  |TAMS 0x0000000089d00000, 0x0000000089d00000| Untracked 
| 126|0x0000000089e00000, 0x0000000089e00000, 0x0000000089f00000|  0%| F|  |TAMS 0x0000000089e00000, 0x0000000089e00000| Untracked 
| 127|0x0000000089f00000, 0x0000000089f00000, 0x000000008a000000|  0%| F|  |TAMS 0x0000000089f00000, 0x0000000089f00000| Untracked 
| 128|0x000000008a000000, 0x000000008a000000, 0x000000008a100000|  0%| F|  |TAMS 0x000000008a000000, 0x000000008a000000| Untracked 
| 129|0x000000008a100000, 0x000000008a100000, 0x000000008a200000|  0%| F|  |TAMS 0x000000008a100000, 0x000000008a100000| Untracked 
| 130|0x000000008a200000, 0x000000008a200000, 0x000000008a300000|  0%| F|  |TAMS 0x000000008a200000, 0x000000008a200000| Untracked 
| 131|0x000000008a300000, 0x000000008a300000, 0x000000008a400000|  0%| F|  |TAMS 0x000000008a300000, 0x000000008a300000| Untracked 
| 132|0x000000008a400000, 0x000000008a400000, 0x000000008a500000|  0%| F|  |TAMS 0x000000008a400000, 0x000000008a400000| Untracked 
| 133|0x000000008a500000, 0x000000008a500000, 0x000000008a600000|  0%| F|  |TAMS 0x000000008a500000, 0x000000008a500000| Untracked 
| 134|0x000000008a600000, 0x000000008a600000, 0x000000008a700000|  0%| F|  |TAMS 0x000000008a600000, 0x000000008a600000| Untracked 
| 135|0x000000008a700000, 0x000000008a700000, 0x000000008a800000|  0%| F|  |TAMS 0x000000008a700000, 0x000000008a700000| Untracked 
| 136|0x000000008a800000, 0x000000008a800000, 0x000000008a900000|  0%| F|  |TAMS 0x000000008a800000, 0x000000008a800000| Untracked 
| 137|0x000000008a900000, 0x000000008a900000, 0x000000008aa00000|  0%| F|  |TAMS 0x000000008a900000, 0x000000008a900000| Untracked 
| 138|0x000000008aa00000, 0x000000008aa00000, 0x000000008ab00000|  0%| F|  |TAMS 0x000000008aa00000, 0x000000008aa00000| Untracked 
| 139|0x000000008ab00000, 0x000000008ab00000, 0x000000008ac00000|  0%| F|  |TAMS 0x000000008ab00000, 0x000000008ab00000| Untracked 
| 140|0x000000008ac00000, 0x000000008ac00000, 0x000000008ad00000|  0%| F|  |TAMS 0x000000008ac00000, 0x000000008ac00000| Untracked 
| 141|0x000000008ad00000, 0x000000008ad00000, 0x000000008ae00000|  0%| F|  |TAMS 0x000000008ad00000, 0x000000008ad00000| Untracked 
| 142|0x000000008ae00000, 0x000000008ae00000, 0x000000008af00000|  0%| F|  |TAMS 0x000000008ae00000, 0x000000008ae00000| Untracked 
| 143|0x000000008af00000, 0x000000008af00000, 0x000000008b000000|  0%| F|  |TAMS 0x000000008af00000, 0x000000008af00000| Untracked 
| 144|0x000000008b000000, 0x000000008b000000, 0x000000008b100000|  0%| F|  |TAMS 0x000000008b000000, 0x000000008b000000| Untracked 
| 145|0x000000008b100000, 0x000000008b100000, 0x000000008b200000|  0%| F|  |TAMS 0x000000008b100000, 0x000000008b100000| Untracked 
| 146|0x000000008b200000, 0x000000008b200000, 0x000000008b300000|  0%| F|  |TAMS 0x000000008b200000, 0x000000008b200000| Untracked 
| 147|0x000000008b300000, 0x000000008b300000, 0x000000008b400000|  0%| F|  |TAMS 0x000000008b300000, 0x000000008b300000| Untracked 
| 148|0x000000008b400000, 0x000000008b400000, 0x000000008b500000|  0%| F|  |TAMS 0x000000008b400000, 0x000000008b400000| Untracked 
| 149|0x000000008b500000, 0x000000008b500000, 0x000000008b600000|  0%| F|  |TAMS 0x000000008b500000, 0x000000008b500000| Untracked 
| 150|0x000000008b600000, 0x000000008b600000, 0x000000008b700000|  0%| F|  |TAMS 0x000000008b600000, 0x000000008b600000| Untracked 
| 151|0x000000008b700000, 0x000000008b700000, 0x000000008b800000|  0%| F|  |TAMS 0x000000008b700000, 0x000000008b700000| Untracked 
| 152|0x000000008b800000, 0x000000008b800000, 0x000000008b900000|  0%| F|  |TAMS 0x000000008b800000, 0x000000008b800000| Untracked 
| 153|0x000000008b900000, 0x000000008b900000, 0x000000008ba00000|  0%| F|  |TAMS 0x000000008b900000, 0x000000008b900000| Untracked 
| 154|0x000000008ba00000, 0x000000008ba00000, 0x000000008bb00000|  0%| F|  |TAMS 0x000000008ba00000, 0x000000008ba00000| Untracked 
| 155|0x000000008bb00000, 0x000000008bb00000, 0x000000008bc00000|  0%| F|  |TAMS 0x000000008bb00000, 0x000000008bb00000| Untracked 
| 156|0x000000008bc00000, 0x000000008bc00000, 0x000000008bd00000|  0%| F|  |TAMS 0x000000008bc00000, 0x000000008bc00000| Untracked 
| 157|0x000000008bd00000, 0x000000008bd00000, 0x000000008be00000|  0%| F|  |TAMS 0x000000008bd00000, 0x000000008bd00000| Untracked 
| 158|0x000000008be00000, 0x000000008be00000, 0x000000008bf00000|  0%| F|  |TAMS 0x000000008be00000, 0x000000008be00000| Untracked 
| 159|0x000000008bf00000, 0x000000008bf00000, 0x000000008c000000|  0%| F|  |TAMS 0x000000008bf00000, 0x000000008bf00000| Untracked 
| 160|0x000000008c000000, 0x000000008c000000, 0x000000008c100000|  0%| F|  |TAMS 0x000000008c000000, 0x000000008c000000| Untracked 
| 161|0x000000008c100000, 0x000000008c100000, 0x000000008c200000|  0%| F|  |TAMS 0x000000008c100000, 0x000000008c100000| Untracked 
| 162|0x000000008c200000, 0x000000008c200000, 0x000000008c300000|  0%| F|  |TAMS 0x000000008c200000, 0x000000008c200000| Untracked 
| 163|0x000000008c300000, 0x000000008c300000, 0x000000008c400000|  0%| F|  |TAMS 0x000000008c300000, 0x000000008c300000| Untracked 
| 164|0x000000008c400000, 0x000000008c400000, 0x000000008c500000|  0%| F|  |TAMS 0x000000008c400000, 0x000000008c400000| Untracked 
|2010|0x00000000ffa00000, 0x00000000ffb00000, 0x00000000ffb00000|100%| O|  |TAMS 0x00000000ffb00000, 0x00000000ffa00000| Untracked 
|2011|0x00000000ffb00000, 0x00000000ffc00000, 0x00000000ffc00000|100%| O|  |TAMS 0x00000000ffc00000, 0x00000000ffb00000| Untracked 
|2012|0x00000000ffc00000, 0x00000000ffd00000, 0x00000000ffd00000|100%| O|  |TAMS 0x00000000ffd00000, 0x00000000ffc00000| Untracked 
|2013|0x00000000ffd00000, 0x00000000ffe00000, 0x00000000ffe00000|100%| O|  |TAMS 0x00000000ffe00000, 0x00000000ffd00000| Untracked 
|2014|0x00000000ffe00000, 0x00000000fff00000, 0x00000000fff00000|100%| O|  |TAMS 0x00000000fff00000, 0x00000000ffe00000| Untracked 
|2015|0x00000000fff00000, 0x0000000100000000, 0x0000000100000000|100%| O|  |TAMS 0x0000000100000000, 0x00000000fff00000| Untracked 

Card table byte_map: [0x000001dda5400000,0x000001dda57f0000] _byte_map_base: 0x000001dda4ff0000

Marking Bits (Prev, Next): (CMBitMap*) 0x000001dd8d13b600, (CMBitMap*) 0x000001dd8d13b640
 Prev Bits: [0x000001dda5be0000, 0x000001dda7b60000)
 Next Bits: [0x000001dda7b60000, 0x000001dda9ae0000)

Polling page: 0x000001dd8b090000

Metaspace:

Usage:
  Non-class:     28.26 MB used.
      Class:      3.32 MB used.
       Both:     31.58 MB used.

Virtual space:
  Non-class space:       32.00 MB reserved,      28.50 MB ( 89%) committed,  4 nodes.
      Class space:        1.00 GB reserved,       3.56 MB ( <1%) committed,  1 nodes.
              Both:        1.03 GB reserved,      32.06 MB (  3%) committed. 

Chunk freelists:
   Non-Class:  2.80 MB
       Class:  319.00 KB
        Both:  3.11 MB

MaxMetaspaceSize: 17179869184.00 GB
CompressedClassSpaceSize: 1.00 GB
 - commit_granule_bytes: 65536.
 - commit_granule_words: 8192.
 - virtual_space_node_default_size: 1048576.
 - enlarge_chunks_in_place: 1.
 - new_chunks_are_fully_committed: 0.
 - uncommit_free_chunks: 1.
 - use_allocation_guard: 0.
 - handle_deallocations: 1.


Internal statistics:

num_allocs_failed_limit: 3.
num_arena_births: 238.
num_arena_deaths: 0.
num_vsnodes_births: 5.
num_vsnodes_deaths: 0.
num_space_committed: 513.
num_space_uncommitted: 0.
num_chunks_returned_to_freelist: 3.
num_chunks_taken_from_freelist: 1407.
num_chunk_merges: 3.
num_chunk_splits: 984.
num_chunks_enlarged: 762.
num_purges: 0.

CodeHeap 'non-profiled nmethods': size=120000Kb used=3586Kb max_used=3586Kb free=116413Kb
 bounds [0x000001dd9d580000, 0x000001dd9d910000, 0x000001dda4ab0000]
CodeHeap 'profiled nmethods': size=120000Kb used=14773Kb max_used=14773Kb free=105226Kb
 bounds [0x000001dd96050000, 0x000001dd96ed0000, 0x000001dd9d580000]
CodeHeap 'non-nmethods': size=5760Kb used=1261Kb max_used=1328Kb free=4498Kb
 bounds [0x000001dd95ab0000, 0x000001dd95d20000, 0x000001dd96050000]
 total_blobs=7876 nmethods=7314 adapters=473
 compilation: enabled
              stopped_count=0, restarted_count=0
 full_count=0

Compilation events (20 events):
Event: 11.782 Thread 0x000001ddac7058b0 8363       3       org.vafer.jdeb.shaded.objectweb.asm.ClassReader::computeImplicitFrame (375 bytes)
Event: 11.785 Thread 0x000001ddac7058b0 nmethod 8363 0x000001dd9624f390 code [0x000001dd9624f8a0, 0x000001dd96252c78]
Event: 11.801 Thread 0x000001ddac7058b0 8364       2       org.vafer.jdeb.shaded.objectweb.asm.commons.SignatureRemapper::visitArrayType (10 bytes)
Event: 11.802 Thread 0x000001ddac7058b0 nmethod 8364 0x000001dd96276c10 code [0x000001dd96276dc0, 0x000001dd96276f08]
Event: 11.802 Thread 0x000001ddac7058b0 8365       2       org.vafer.jdeb.shaded.objectweb.asm.signature.SignatureWriter::visitArrayType (12 bytes)
Event: 11.802 Thread 0x000001ddac7058b0 nmethod 8365 0x000001dd96276810 code [0x000001dd962769c0, 0x000001dd96276b08]
Event: 11.854 Thread 0x000001ddac7058b0 8369       2       org.vafer.jdeb.shaded.objectweb.asm.commons.AnnotationRemapper::visit (18 bytes)
Event: 11.854 Thread 0x000001ddac7058b0 nmethod 8369 0x000001dd96276390 code [0x000001dd96276540, 0x000001dd962766d8]
Event: 11.921 Thread 0x000001ddac7058b0 8370 %     3       org.vafer.jdeb.shaded.objectweb.asm.signature.SignatureReader::accept @ 153 (250 bytes)
Event: 11.923 Thread 0x000001ddac7058b0 nmethod 8370% 0x000001dd96157090 code [0x000001dd961575c0, 0x000001dd9615a0d8]
Event: 11.936 Thread 0x000001ddac7058b0 8373       3       org.vafer.jdeb.shaded.objectweb.asm.signature.SignatureReader::accept (250 bytes)
Event: 11.938 Thread 0x000001ddac7058b0 nmethod 8373 0x000001dd96153310 code [0x000001dd96153840, 0x000001dd961561f8]
Event: 11.977 Thread 0x000001ddac7058b0 8375       2       org.vafer.jdeb.shaded.objectweb.asm.commons.AnnotationRemapper::visitArray (35 bytes)
Event: 11.977 Thread 0x000001ddac7058b0 nmethod 8375 0x000001dd96275e90 code [0x000001dd96276060, 0x000001dd96276238]
Event: 11.977 Thread 0x000001ddac7058b0 8376       2       org.vafer.jdeb.shaded.objectweb.asm.AnnotationVisitor::visitArray (18 bytes)
Event: 11.977 Thread 0x000001ddac7058b0 nmethod 8376 0x000001dd96275a90 code [0x000001dd96275c40, 0x000001dd96275da8]
Event: 12.141 Thread 0x000001ddac7058b0 8380       2       org.vafer.jdeb.shaded.objectweb.asm.commons.SignatureRemapper::visitInterfaceBound (10 bytes)
Event: 12.141 Thread 0x000001ddac7058b0 nmethod 8380 0x000001dd96275710 code [0x000001dd962758c0, 0x000001dd96275a08]
Event: 12.141 Thread 0x000001ddac7058b0 8381       2       org.vafer.jdeb.shaded.objectweb.asm.signature.SignatureWriter::visitInterfaceBound (12 bytes)
Event: 12.141 Thread 0x000001ddac7058b0 nmethod 8381 0x000001dd96275310 code [0x000001dd962754c0, 0x000001dd96275608]

GC Heap History (20 events):
Event: 9.597 GC heap after
{Heap after GC invocations=19 (full 0):
 garbage-first heap   total 94208K, used 41249K [0x0000000082000000, 0x0000000100000000)
  region size 1024K, 5 young (5120K), 5 survivors (5120K)
 Metaspace       used 29901K, committed 30208K, reserved 1081344K
  class space    used 3162K, committed 3328K, reserved 1048576K
}
Event: 10.282 GC heap before
{Heap before GC invocations=19 (full 0):
 garbage-first heap   total 94208K, used 72993K [0x0000000082000000, 0x0000000100000000)
  region size 1024K, 36 young (36864K), 5 survivors (5120K)
 Metaspace       used 31210K, committed 31616K, reserved 1081344K
  class space    used 3316K, committed 3520K, reserved 1048576K
}
Event: 10.293 GC heap after
{Heap after GC invocations=20 (full 0):
 garbage-first heap   total 113664K, used 42570K [0x0000000082000000, 0x0000000100000000)
  region size 1024K, 2 young (2048K), 2 survivors (2048K)
 Metaspace       used 31210K, committed 31616K, reserved 1081344K
  class space    used 3316K, committed 3520K, reserved 1048576K
}
Event: 10.919 GC heap before
{Heap before GC invocations=20 (full 0):
 garbage-first heap   total 113664K, used 89674K [0x0000000082000000, 0x0000000100000000)
  region size 1024K, 48 young (49152K), 2 survivors (2048K)
 Metaspace       used 32227K, committed 32704K, reserved 1081344K
  class space    used 3402K, committed 3648K, reserved 1048576K
}
Event: 10.924 GC heap after
{Heap after GC invocations=21 (full 0):
 garbage-first heap   total 113664K, used 44619K [0x0000000082000000, 0x0000000100000000)
  region size 1024K, 4 young (4096K), 4 survivors (4096K)
 Metaspace       used 32227K, committed 32704K, reserved 1081344K
  class space    used 3402K, committed 3648K, reserved 1048576K
}
Event: 11.089 GC heap before
{Heap before GC invocations=21 (full 0):
 garbage-first heap   total 113664K, used 90699K [0x0000000082000000, 0x0000000100000000)
  region size 1024K, 49 young (50176K), 4 survivors (4096K)
 Metaspace       used 32323K, committed 32768K, reserved 1081344K
  class space    used 3402K, committed 3648K, reserved 1048576K
}
Event: 11.097 GC heap after
{Heap after GC invocations=22 (full 0):
 garbage-first heap   total 113664K, used 45826K [0x0000000082000000, 0x0000000100000000)
  region size 1024K, 5 young (5120K), 5 survivors (5120K)
 Metaspace       used 32323K, committed 32768K, reserved 1081344K
  class space    used 3402K, committed 3648K, reserved 1048576K
}
Event: 11.209 GC heap before
{Heap before GC invocations=22 (full 0):
 garbage-first heap   total 113664K, used 91906K [0x0000000082000000, 0x0000000100000000)
  region size 1024K, 50 young (51200K), 5 survivors (5120K)
 Metaspace       used 32327K, committed 32768K, reserved 1081344K
  class space    used 3402K, committed 3648K, reserved 1048576K
}
Event: 11.217 GC heap after
{Heap after GC invocations=23 (full 0):
 garbage-first heap   total 113664K, used 47273K [0x0000000082000000, 0x0000000100000000)
  region size 1024K, 5 young (5120K), 5 survivors (5120K)
 Metaspace       used 32327K, committed 32768K, reserved 1081344K
  class space    used 3402K, committed 3648K, reserved 1048576K
}
Event: 11.308 GC heap before
{Heap before GC invocations=23 (full 0):
 garbage-first heap   total 113664K, used 93353K [0x0000000082000000, 0x0000000100000000)
  region size 1024K, 50 young (51200K), 5 survivors (5120K)
 Metaspace       used 32333K, committed 32768K, reserved 1081344K
  class space    used 3402K, committed 3648K, reserved 1048576K
}
Event: 11.317 GC heap after
{Heap after GC invocations=24 (full 0):
 garbage-first heap   total 113664K, used 48294K [0x0000000082000000, 0x0000000100000000)
  region size 1024K, 4 young (4096K), 4 survivors (4096K)
 Metaspace       used 32333K, committed 32768K, reserved 1081344K
  class space    used 3402K, committed 3648K, reserved 1048576K
}
Event: 11.407 GC heap before
{Heap before GC invocations=24 (full 0):
 garbage-first heap   total 113664K, used 94374K [0x0000000082000000, 0x0000000100000000)
  region size 1024K, 49 young (50176K), 4 survivors (4096K)
 Metaspace       used 32333K, committed 32768K, reserved 1081344K
  class space    used 3402K, committed 3648K, reserved 1048576K
}
Event: 11.415 GC heap after
{Heap after GC invocations=25 (full 0):
 garbage-first heap   total 175104K, used 49190K [0x0000000082000000, 0x0000000100000000)
  region size 1024K, 5 young (5120K), 5 survivors (5120K)
 Metaspace       used 32333K, committed 32768K, reserved 1081344K
  class space    used 3402K, committed 3648K, reserved 1048576K
}
Event: 11.662 GC heap before
{Heap before GC invocations=25 (full 0):
 garbage-first heap   total 175104K, used 145446K [0x0000000082000000, 0x0000000100000000)
  region size 1024K, 99 young (101376K), 5 survivors (5120K)
 Metaspace       used 32333K, committed 32768K, reserved 1081344K
  class space    used 3402K, committed 3648K, reserved 1048576K
}
Event: 11.670 GC heap after
{Heap after GC invocations=26 (full 0):
 garbage-first heap   total 175104K, used 51532K [0x0000000082000000, 0x0000000100000000)
  region size 1024K, 7 young (7168K), 7 survivors (7168K)
 Metaspace       used 32333K, committed 32768K, reserved 1081344K
  class space    used 3402K, committed 3648K, reserved 1048576K
}
Event: 11.868 GC heap before
{Heap before GC invocations=26 (full 0):
 garbage-first heap   total 175104K, used 145740K [0x0000000082000000, 0x0000000100000000)
  region size 1024K, 99 young (101376K), 7 survivors (7168K)
 Metaspace       used 32339K, committed 32832K, reserved 1081344K
  class space    used 3402K, committed 3648K, reserved 1048576K
}
Event: 11.877 GC heap after
{Heap after GC invocations=27 (full 0):
 garbage-first heap   total 175104K, used 54368K [0x0000000082000000, 0x0000000100000000)
  region size 1024K, 9 young (9216K), 9 survivors (9216K)
 Metaspace       used 32339K, committed 32832K, reserved 1081344K
  class space    used 3402K, committed 3648K, reserved 1048576K
}
Event: 12.040 GC heap before
{Heap before GC invocations=27 (full 0):
 garbage-first heap   total 175104K, used 146528K [0x0000000082000000, 0x0000000100000000)
  region size 1024K, 99 young (101376K), 9 survivors (9216K)
 Metaspace       used 32341K, committed 32832K, reserved 1081344K
  class space    used 3402K, committed 3648K, reserved 1048576K
}
Event: 12.051 GC heap after
{Heap after GC invocations=28 (full 0):
 garbage-first heap   total 175104K, used 57023K [0x0000000082000000, 0x0000000100000000)
  region size 1024K, 9 young (9216K), 9 survivors (9216K)
 Metaspace       used 32341K, committed 32832K, reserved 1081344K
  class space    used 3402K, committed 3648K, reserved 1048576K
}
Event: 12.221 GC heap before
{Heap before GC invocations=28 (full 0):
 garbage-first heap   total 175104K, used 146111K [0x0000000082000000, 0x0000000100000000)
  region size 1024K, 96 young (98304K), 9 survivors (9216K)
 Metaspace       used 32341K, committed 32832K, reserved 1081344K
  class space    used 3402K, committed 3648K, reserved 1048576K
}

Deoptimization events (20 events):
Event: 10.764 Thread 0x000001dd8d0fba40 Uncommon trap: trap_request=0xffffff45 fr.pc=0x000001dd9d654bf0 relative=0x00000000000007d0
Event: 10.764 Thread 0x000001dd8d0fba40 Uncommon trap: reason=unstable_if action=reinterpret pc=0x000001dd9d654bf0 method=com.google.inject.internal.MoreTypes.canonicalize(Ljava/lang/reflect/Type;)Ljava/lang/reflect/Type; @ 16 c2
Event: 10.764 Thread 0x000001dd8d0fba40 DEOPT PACKING pc=0x000001dd9d654bf0 sp=0x00000027f93fd9e0
Event: 10.764 Thread 0x000001dd8d0fba40 DEOPT UNPACKING pc=0x000001dd95afd72e sp=0x00000027f93fd9e0 mode 2
Event: 10.764 Thread 0x000001dd8d0fba40 Uncommon trap: trap_request=0xffffffde fr.pc=0x000001dd9d6595a4 relative=0x00000000000004a4
Event: 10.764 Thread 0x000001dd8d0fba40 Uncommon trap: reason=class_check action=maybe_recompile pc=0x000001dd9d6595a4 method=com.google.inject.internal.MoreTypes.getRawType(Ljava/lang/reflect/Type;)Ljava/lang/Class; @ 13 c2
Event: 10.764 Thread 0x000001dd8d0fba40 DEOPT PACKING pc=0x000001dd9d6595a4 sp=0x00000027f93fda80
Event: 10.764 Thread 0x000001dd8d0fba40 DEOPT UNPACKING pc=0x000001dd95afd72e sp=0x00000027f93fd9c8 mode 2
Event: 10.780 Thread 0x000001dd8d0fba40 Uncommon trap: trap_request=0xffffff45 fr.pc=0x000001dd9d8352e8 relative=0x0000000000004088
Event: 10.780 Thread 0x000001dd8d0fba40 Uncommon trap: reason=unstable_if action=reinterpret pc=0x000001dd9d8352e8 method=java.util.zip.ZipInputStream.read([BII)I @ 38 c2
Event: 10.780 Thread 0x000001dd8d0fba40 DEOPT PACKING pc=0x000001dd9d8352e8 sp=0x00000027f93fd690
Event: 10.780 Thread 0x000001dd8d0fba40 DEOPT UNPACKING pc=0x000001dd95afd72e sp=0x00000027f93fd750 mode 2
Event: 11.649 Thread 0x000001dd8d0fba40 DEOPT PACKING pc=0x000001dd96a36b3a sp=0x00000027f93fd760
Event: 11.649 Thread 0x000001dd8d0fba40 DEOPT UNPACKING pc=0x000001dd95afdece sp=0x00000027f93fcbb8 mode 0
Event: 11.673 Thread 0x000001dd8d0fba40 DEOPT PACKING pc=0x000001dd966c3570 sp=0x00000027f93fd8d0
Event: 11.673 Thread 0x000001dd8d0fba40 DEOPT UNPACKING pc=0x000001dd95afdece sp=0x00000027f93fcdb0 mode 0
Event: 11.772 Thread 0x000001dd8d0fba40 Uncommon trap: trap_request=0xffffff45 fr.pc=0x000001dd9d8ff850 relative=0x00000000000021d0
Event: 11.772 Thread 0x000001dd8d0fba40 Uncommon trap: reason=unstable_if action=reinterpret pc=0x000001dd9d8ff850 method=org.vafer.jdeb.shaded.objectweb.asm.ClassReader.computeImplicitFrame(Lorg/vafer/jdeb/shaded/objectweb/asm/Context;)V @ 264 c2
Event: 11.772 Thread 0x000001dd8d0fba40 DEOPT PACKING pc=0x000001dd9d8ff850 sp=0x00000027f93fcf10
Event: 11.772 Thread 0x000001dd8d0fba40 DEOPT UNPACKING pc=0x000001dd95afd72e sp=0x00000027f93fcef0 mode 2

Classes unloaded (0 events):
No events

Classes redefined (0 events):
No events

Internal exceptions (20 events):
Event: 9.479 Thread 0x000001dd8d0fba40 Exception <a 'sun/nio/fs/WindowsException'{0x000000008584f080}> (0x000000008584f080) 
thrown [c:\wsjdk\correttojdksrc\installers\windows\zip\corretto-build\buildroot\src\hotspot\share\prims\jni.cpp, line 579]
Event: 9.479 Thread 0x000001dd8d0fba40 Exception <a 'sun/nio/fs/WindowsException'{0x000000008584f750}> (0x000000008584f750) 
thrown [c:\wsjdk\correttojdksrc\installers\windows\zip\corretto-build\buildroot\src\hotspot\share\prims\jni.cpp, line 579]
Event: 9.479 Thread 0x000001dd8d0fba40 Exception <a 'sun/nio/fs/WindowsException'{0x0000000085850040}> (0x0000000085850040) 
thrown [c:\wsjdk\correttojdksrc\installers\windows\zip\corretto-build\buildroot\src\hotspot\share\prims\jni.cpp, line 579]
Event: 9.485 Thread 0x000001dd8d0fba40 Exception <a 'sun/nio/fs/WindowsException'{0x0000000085881a18}> (0x0000000085881a18) 
thrown [c:\wsjdk\correttojdksrc\installers\windows\zip\corretto-build\buildroot\src\hotspot\share\prims\jni.cpp, line 579]
Event: 9.486 Thread 0x000001dd8d0fba40 Exception <a 'sun/nio/fs/WindowsException'{0x00000000858820f0}> (0x00000000858820f0) 
thrown [c:\wsjdk\correttojdksrc\installers\windows\zip\corretto-build\buildroot\src\hotspot\share\prims\jni.cpp, line 579]
Event: 9.486 Thread 0x000001dd8d0fba40 Exception <a 'sun/nio/fs/WindowsException'{0x0000000085882a30}> (0x0000000085882a30) 
thrown [c:\wsjdk\correttojdksrc\installers\windows\zip\corretto-build\buildroot\src\hotspot\share\prims\jni.cpp, line 579]
Event: 9.498 Thread 0x000001dd8d0fba40 Exception <a 'sun/nio/fs/WindowsException'{0x00000000858f29c0}> (0x00000000858f29c0) 
thrown [c:\wsjdk\correttojdksrc\installers\windows\zip\corretto-build\buildroot\src\hotspot\share\prims\jni.cpp, line 579]
Event: 9.498 Thread 0x000001dd8d0fba40 Exception <a 'sun/nio/fs/WindowsException'{0x00000000858f3098}> (0x00000000858f3098) 
thrown [c:\wsjdk\correttojdksrc\installers\windows\zip\corretto-build\buildroot\src\hotspot\share\prims\jni.cpp, line 579]
Event: 9.498 Thread 0x000001dd8d0fba40 Exception <a 'sun/nio/fs/WindowsException'{0x00000000858f39d8}> (0x00000000858f39d8) 
thrown [c:\wsjdk\correttojdksrc\installers\windows\zip\corretto-build\buildroot\src\hotspot\share\prims\jni.cpp, line 579]
Event: 9.502 Thread 0x000001dd8d0fba40 Exception <a 'sun/nio/fs/WindowsException'{0x0000000085711b80}> (0x0000000085711b80) 
thrown [c:\wsjdk\correttojdksrc\installers\windows\zip\corretto-build\buildroot\src\hotspot\share\prims\jni.cpp, line 579]
Event: 9.502 Thread 0x000001dd8d0fba40 Exception <a 'sun/nio/fs/WindowsException'{0x0000000085712238}> (0x0000000085712238) 
thrown [c:\wsjdk\correttojdksrc\installers\windows\zip\corretto-build\buildroot\src\hotspot\share\prims\jni.cpp, line 579]
Event: 9.502 Thread 0x000001dd8d0fba40 Exception <a 'sun/nio/fs/WindowsException'{0x0000000085712ac8}> (0x0000000085712ac8) 
thrown [c:\wsjdk\correttojdksrc\installers\windows\zip\corretto-build\buildroot\src\hotspot\share\prims\jni.cpp, line 579]
Event: 9.507 Thread 0x000001dd8d0fba40 Exception <a 'sun/nio/fs/WindowsException'{0x000000008574f3e8}> (0x000000008574f3e8) 
thrown [c:\wsjdk\correttojdksrc\installers\windows\zip\corretto-build\buildroot\src\hotspot\share\prims\jni.cpp, line 579]
Event: 9.508 Thread 0x000001dd8d0fba40 Exception <a 'sun/nio/fs/WindowsException'{0x000000008574faa8}> (0x000000008574faa8) 
thrown [c:\wsjdk\correttojdksrc\installers\windows\zip\corretto-build\buildroot\src\hotspot\share\prims\jni.cpp, line 579]
Event: 9.508 Thread 0x000001dd8d0fba40 Exception <a 'sun/nio/fs/WindowsException'{0x0000000085750358}> (0x0000000085750358) 
thrown [c:\wsjdk\correttojdksrc\installers\windows\zip\corretto-build\buildroot\src\hotspot\share\prims\jni.cpp, line 579]
Event: 9.514 Thread 0x000001dd8d0fba40 Exception <a 'sun/nio/fs/WindowsException'{0x000000008577fad8}> (0x000000008577fad8) 
thrown [c:\wsjdk\correttojdksrc\installers\windows\zip\corretto-build\buildroot\src\hotspot\share\prims\jni.cpp, line 579]
Event: 9.514 Thread 0x000001dd8d0fba40 Exception <a 'sun/nio/fs/WindowsException'{0x00000000857801a8}> (0x00000000857801a8) 
thrown [c:\wsjdk\correttojdksrc\installers\windows\zip\corretto-build\buildroot\src\hotspot\share\prims\jni.cpp, line 579]
Event: 9.514 Thread 0x000001dd8d0fba40 Exception <a 'sun/nio/fs/WindowsException'{0x0000000085780ce0}> (0x0000000085780ce0) 
thrown [c:\wsjdk\correttojdksrc\installers\windows\zip\corretto-build\buildroot\src\hotspot\share\prims\jni.cpp, line 579]
Event: 10.731 Thread 0x000001dd8d0fba40 Exception <a 'java/lang/NoClassDefFoundError'{0x0000000087406da0}: org/sonatype/aether/version/VersionConstraint> (0x0000000087406da0) 
thrown [c:\wsjdk\correttojdksrc\installers\windows\zip\corretto-build\buildroot\src\hotspot\share\classfile\systemDictionary.cpp, line 245]
Event: 10.780 Thread 0x000001dd8d0fba40 Implicit null exception at 0x000001dd9d8312e2 to 0x000001dd9d8352d0

Events (20 events):
Event: 10.827 loading class java/util/Base64$Encoder done
Event: 10.918 Executing  VM operation: G1CollectForAllocation
Event: 10.924 Executing  VM operation: G1CollectForAllocation done
Event: 10.999 loading class sun/security/util/SignatureFileVerifier
Event: 11.000 loading class sun/security/util/SignatureFileVerifier done
Event: 11.089 Executing  VM operation: G1CollectForAllocation
Event: 11.097 Executing  VM operation: G1CollectForAllocation done
Event: 11.209 Executing  VM operation: G1CollectForAllocation
Event: 11.217 Executing  VM operation: G1CollectForAllocation done
Event: 11.308 Executing  VM operation: G1CollectForAllocation
Event: 11.317 Executing  VM operation: G1CollectForAllocation done
Event: 11.407 Executing  VM operation: G1CollectForAllocation
Event: 11.415 Executing  VM operation: G1CollectForAllocation done
Event: 11.662 Executing  VM operation: G1CollectForAllocation
Event: 11.670 Executing  VM operation: G1CollectForAllocation done
Event: 11.868 Executing  VM operation: G1CollectForAllocation
Event: 11.877 Executing  VM operation: G1CollectForAllocation done
Event: 12.040 Executing  VM operation: G1CollectForAllocation
Event: 12.051 Executing  VM operation: G1CollectForAllocation done
Event: 12.220 Executing  VM operation: G1CollectForAllocation


Dynamic libraries:
0x00007ff760690000 - 0x00007ff76069d000 	C:\Program Files\Amazon Corretto\jdk16.0.1_9\bin\java.exe
0x00007ffa532a0000 - 0x00007ffa534a7000 	C:\WINDOWS\SYSTEM32\ntdll.dll
0x00007ffa51ea0000 - 0x00007ffa51f5d000 	C:\WINDOWS\System32\KERNEL32.DLL
0x00007ffa50c40000 - 0x00007ffa50fb4000 	C:\WINDOWS\System32\KERNELBASE.dll
0x00007ffa4d080000 - 0x00007ffa4d111000 	C:\WINDOWS\SYSTEM32\apphelp.dll
0x00007ffa50780000 - 0x00007ffa50891000 	C:\WINDOWS\System32\ucrtbase.dll
0x00007ffa1c650000 - 0x00007ffa1c665000 	C:\Program Files\Amazon Corretto\jdk16.0.1_9\bin\VCRUNTIME140.dll
0x00007ffa20700000 - 0x00007ffa20718000 	C:\Program Files\Amazon Corretto\jdk16.0.1_9\bin\jli.dll
0x00007ffa514f0000 - 0x00007ffa5169c000 	C:\WINDOWS\System32\USER32.dll
0x00007ffa3b9b0000 - 0x00007ffa3bc55000 	C:\WINDOWS\WinSxS\amd64_microsoft.windows.common-controls_6595b64144ccf1df_6.0.22000.51_none_25c0e06ad7789dba\COMCTL32.dll
0x00007ffa509c0000 - 0x00007ffa509e6000 	C:\WINDOWS\System32\win32u.dll
0x00007ffa51130000 - 0x00007ffa511d3000 	C:\WINDOWS\System32\msvcrt.dll
0x00007ffa51450000 - 0x00007ffa51479000 	C:\WINDOWS\System32\GDI32.dll
0x00007ffa508a0000 - 0x00007ffa509b2000 	C:\WINDOWS\System32\gdi32full.dll
0x00007ffa50ae0000 - 0x00007ffa50b7d000 	C:\WINDOWS\System32\msvcp_win.dll
0x00007ffa52af0000 - 0x00007ffa52b21000 	C:\WINDOWS\System32\IMM32.DLL
0x00007ffa0f8c0000 - 0x00007ffa0f95b000 	C:\Program Files\Amazon Corretto\jdk16.0.1_9\bin\msvcp140.dll
0x00007ffa0e500000 - 0x00007ffa0f109000 	C:\Program Files\Amazon Corretto\jdk16.0.1_9\bin\server\jvm.dll
0x00007ffa52b30000 - 0x00007ffa52bdc000 	C:\WINDOWS\System32\ADVAPI32.dll
0x00007ffa52730000 - 0x00007ffa527cd000 	C:\WINDOWS\System32\sechost.dll
0x00007ffa511e0000 - 0x00007ffa51301000 	C:\WINDOWS\System32\RPCRT4.dll
0x00007ffa51b10000 - 0x00007ffa51b18000 	C:\WINDOWS\System32\PSAPI.DLL
0x00007ffa40e00000 - 0x00007ffa40e09000 	C:\WINDOWS\SYSTEM32\WSOCK32.dll
0x00007ffa467c0000 - 0x00007ffa467ca000 	C:\WINDOWS\SYSTEM32\VERSION.dll
0x00007ffa531f0000 - 0x00007ffa5325f000 	C:\WINDOWS\System32\WS2_32.dll
0x00007ffa4a7e0000 - 0x00007ffa4a813000 	C:\WINDOWS\SYSTEM32\WINMM.dll
0x00007ffa4f900000 - 0x00007ffa4f918000 	C:\WINDOWS\SYSTEM32\kernel.appcore.dll
0x00007ffa43050000 - 0x00007ffa4305a000 	C:\Program Files\Amazon Corretto\jdk16.0.1_9\bin\jimage.dll
0x00007ffa4e1c0000 - 0x00007ffa4e3e1000 	C:\WINDOWS\SYSTEM32\DBGHELP.DLL
0x00007ffa3b740000 - 0x00007ffa3b771000 	C:\WINDOWS\SYSTEM32\dbgcore.DLL
0x00007ffa509f0000 - 0x00007ffa50a70000 	C:\WINDOWS\System32\bcryptPrimitives.dll
0x00007ffa406b0000 - 0x00007ffa406be000 	C:\Program Files\Amazon Corretto\jdk16.0.1_9\bin\instrument.dll
0x00007ffa1a190000 - 0x00007ffa1a1b5000 	C:\Program Files\Amazon Corretto\jdk16.0.1_9\bin\java.dll
0x00007ffa51f60000 - 0x00007ffa52708000 	C:\WINDOWS\System32\SHELL32.dll
0x00007ffa4e750000 - 0x00007ffa4efb2000 	C:\WINDOWS\SYSTEM32\windows.storage.dll
0x00007ffa51b20000 - 0x00007ffa51e98000 	C:\WINDOWS\System32\combase.dll
0x00007ffa4e5e0000 - 0x00007ffa4e746000 	C:\WINDOWS\SYSTEM32\wintypes.dll
0x00007ffa52a00000 - 0x00007ffa52aea000 	C:\WINDOWS\System32\SHCORE.dll
0x00007ffa51490000 - 0x00007ffa514ed000 	C:\WINDOWS\System32\shlwapi.dll
0x00007ffa506b0000 - 0x00007ffa506d1000 	C:\WINDOWS\SYSTEM32\profapi.dll
0x00007ffa100b0000 - 0x00007ffa100c8000 	C:\Program Files\Amazon Corretto\jdk16.0.1_9\bin\zip.dll
0x00007ffa1c630000 - 0x00007ffa1c649000 	C:\Program Files\Amazon Corretto\jdk16.0.1_9\bin\net.dll
0x00007ffa4b4a0000 - 0x00007ffa4b5ac000 	C:\WINDOWS\SYSTEM32\WINHTTP.dll
0x00007ffa4fd60000 - 0x00007ffa4fdc7000 	C:\WINDOWS\system32\mswsock.dll
0x00007ffa100d0000 - 0x00007ffa100e3000 	C:\Program Files\Amazon Corretto\jdk16.0.1_9\bin\nio.dll
0x00007ffa42320000 - 0x00007ffa4233a000 	C:\Program Files\JetBrains\IntelliJ IDEA Community Edition 2021.1.2\bin\breakgen64.dll
0x00007ffa28ce0000 - 0x00007ffa28cf0000 	C:\Program Files\Amazon Corretto\jdk16.0.1_9\bin\verify.dll
0x00007ffa50030000 - 0x00007ffa50048000 	C:\WINDOWS\SYSTEM32\CRYPTSP.dll
0x00007ffa4f8c0000 - 0x00007ffa4f8f5000 	C:\WINDOWS\system32\rsaenh.dll
0x00007ffa4fe00000 - 0x00007ffa4fe29000 	C:\WINDOWS\SYSTEM32\USERENV.dll
0x00007ffa50170000 - 0x00007ffa50197000 	C:\WINDOWS\SYSTEM32\bcrypt.dll
0x00007ffa4ff50000 - 0x00007ffa4ff5c000 	C:\WINDOWS\SYSTEM32\CRYPTBASE.dll
0x00007ffa4f430000 - 0x00007ffa4f45d000 	C:\WINDOWS\SYSTEM32\IPHLPAPI.DLL
0x00007ffa51480000 - 0x00007ffa51489000 	C:\WINDOWS\System32\NSI.dll
0x00007ffa4c0c0000 - 0x00007ffa4c0d9000 	C:\WINDOWS\SYSTEM32\dhcpcsvc6.DLL
0x00007ffa4bd50000 - 0x00007ffa4bd6e000 	C:\WINDOWS\SYSTEM32\dhcpcsvc.DLL
0x00007ffa4f460000 - 0x00007ffa4f547000 	C:\WINDOWS\SYSTEM32\DNSAPI.dll
0x00007ffa4d270000 - 0x00007ffa4d27a000 	C:\Users\chana\AppData\Local\Temp\jansi-1.17.1-10181794108097115764.dll
0x00007ffa422a0000 - 0x00007ffa422aa000 	C:\Users\chana\AppData\Local\Temp\jansi-1.17.1-5207394171656141034.dll

dbghelp: loaded successfully - version: 4.0.5 - missing functions: none
symbol engine: initialized successfully - sym options: 0x614 - pdb path: .;C:\Program Files\Amazon Corretto\jdk16.0.1_9\bin;C:\WINDOWS\SYSTEM32;C:\WINDOWS\WinSxS\amd64_microsoft.windows.common-controls_6595b64144ccf1df_6.0.22000.51_none_25c0e06ad7789dba;C:\Program Files\Amazon Corretto\jdk16.0.1_9\bin\server;C:\Program Files\JetBrains\IntelliJ IDEA Community Edition 2021.1.2\bin;C:\Users\chana\AppData\Local\Temp

VM Arguments:
jvm_args: -Dmaven.multiModuleProjectDirectory=C:\Users\chana\ServerGuard-Remastered -Dmaven.home=C:\Program Files\JetBrains\IntelliJ IDEA Community Edition 2021.1.2\plugins\maven\lib\maven3 -Dclassworlds.conf=C:\Program Files\JetBrains\IntelliJ IDEA Community Edition 2021.1.2\plugins\maven\lib\maven3\bin\m2.conf -Dmaven.ext.class.path=C:\Program Files\JetBrains\IntelliJ IDEA Community Edition 2021.1.2\plugins\maven\lib\maven-event-listener.jar -javaagent:C:\Program Files\JetBrains\IntelliJ IDEA Community Edition 2021.1.2\lib\idea_rt.jar=51287:C:\Program Files\JetBrains\IntelliJ IDEA Community Edition 2021.1.2\bin -Dfile.encoding=UTF-8 
java_command: org.codehaus.classworlds.Launcher -Didea.version=2021.1.3 package
java_class_path (initial): C:\Program Files\JetBrains\IntelliJ IDEA Community Edition 2021.1.2\plugins\maven\lib\maven3\boot\plexus-classworlds-2.6.0.jar;C:\Program Files\JetBrains\IntelliJ IDEA Community Edition 2021.1.2\plugins\maven\lib\maven3\boot\plexus-classworlds.license
Launcher Type: SUN_STANDARD

[Global flags]
     intx CICompilerCount                          = 4                                         {product} {ergonomic}
     uint ConcGCThreads                            = 3                                         {product} {ergonomic}
     uint G1ConcRefinementThreads                  = 10                                        {product} {ergonomic}
   size_t G1HeapRegionSize                         = 1048576                                   {product} {ergonomic}
    uintx GCDrainStackTargetSize                   = 64                                        {product} {ergonomic}
   size_t InitialHeapSize                          = 132120576                                 {product} {ergonomic}
   size_t MarkStackSize                            = 4194304                                   {product} {ergonomic}
   size_t MaxHeapSize                              = 2113929216                                {product} {ergonomic}
   size_t MaxNewSize                               = 1267728384                                {product} {ergonomic}
   size_t MinHeapDeltaBytes                        = 1048576                                   {product} {ergonomic}
   size_t MinHeapSize                              = 8388608                                   {product} {ergonomic}
    uintx NonNMethodCodeHeapSize                   = 5839372                                {pd product} {ergonomic}
    uintx NonProfiledCodeHeapSize                  = 122909434                              {pd product} {ergonomic}
    uintx ProfiledCodeHeapSize                     = 122909434                              {pd product} {ergonomic}
    uintx ReservedCodeCacheSize                    = 251658240                              {pd product} {ergonomic}
     bool SegmentedCodeCache                       = true                                      {product} {ergonomic}
   size_t SoftMaxHeapSize                          = 2113929216                             {manageable} {ergonomic}
     bool UseCompressedClassPointers               = true                           {product lp64_product} {ergonomic}
     bool UseCompressedOops                        = true                           {product lp64_product} {ergonomic}
     bool UseG1GC                                  = true                                      {product} {ergonomic}
     bool UseLargePagesIndividualAllocation        = false                                  {pd product} {ergonomic}

Logging:
Log output configuration:
 #0: stdout all=warning uptime,level,tags
 #1: stderr all=off uptime,level,tags

Environment Variables:
JAVA_HOME=C:\Program Files\Amazon Corretto\jdk16.0.1_9
PATH=C:\Program Files\Amazon Corretto\jdk11.0.11_9\bin;C:\Program Files\Amazon Corretto\jdk16.0.1_9\bin;C:\Program Files\NVIDIA GPU Computing Toolkit\CUDA\v11.3\bin;C:\Program Files\NVIDIA GPU Computing Toolkit\CUDA\v11.3\libnvvp;C:\WinAVR-20100110\bin;C:\WinAVR-20100110\utils\bin;C:\Program Files\Alacritty\;C:\Python39\Scripts\;C:\Python39\;C:\Users\chana\desktop\depot_tools;C:\Windows\system32;C:\Windows;C:\Windows\System32\Wbem;C:\Windows\System32\WindowsPowerShell\v1.0\;C:\Windows\System32\OpenSSH\;C:\Program Files (x86)\NVIDIA Corporation\PhysX\Common;C:\Program Files\NVIDIA Corporation\NVIDIA NvDLISR;C:\Program Files\Git\cmd;C:\Program Files\nodejs\;C:\ProgramData\chocolatey\bin;C:\Program Files\Go\bin;C:\ProgramData\chocolatey\lib\mpv.install\tools;C:\Strawberry\c\bin;C:\Strawberry\perl\site\bin;C:\Strawberry\perl\bin;C:\Program Files\VSCodium\bin;C:\Program Files\PowerShell\7-preview\preview;C:\Program Files\PuTTY\;C:\Program Files\NVIDIA Corporation\Nsight Compute 2021.1.1\;C:\WINDOWS\system32;C:\WINDOWS;C:\WINDOWS\System32\Wbem;C:\WINDOWS\System32\WindowsPowerShell\v1.0\;C:\WINDOWS\System32\OpenSSH\;C:\Program Files\WireGuard\;C:\Users\chana\.cargo\bin;C:\Users\chana\scoop\shims;C:\Users\chana\AppData\Local\Microsoft\WindowsApps;C:\Users\chana\AppData\Roaming\npm;C:\Users\chana\go\bin;C:\Users\chana\.dotnet\tools;C:\Users\chana\bin;C:\Program Files (x86)\GitHub CLI\;C:\bison;C:\Program Files (x86)\GnuWin32\bin;C:\Strawberry\c\bin;C:\Panda3D-1.10.9-x64\python;C:\Panda3D-1.10.9-x64\python\Scripts;C:\Panda3D-1.10.9-x64\bin;C:\Users\chana\AppData\Local\Programs\VSCodium\bin;C:\Users\chana\AppData\Local\Google\Cloud SDK\google-cloud-sdk\bin;C:\Users\chana\AppData\Local\Microsoft\WindowsApps;C:\Users\chana\AppData\Local\Programs\MiKTeX\miktex\bin\x64\;C:\Users\chana\AppData\Local\atom\bin;C:\Program Files\Emacs\x86_64\bin;C:\Users\chana\.emacs.d\bin\;
USERNAME=chana
OS=Windows_NT
PROCESSOR_IDENTIFIER=AMD64 Family 23 Model 96 Stepping 1, AuthenticAMD



---------------  S Y S T E M  ---------------

OS:
 Windows 10 , 64 bit Build 22000 (10.0.22000.37)
OS uptime: 0 days 1:22 hours
Hyper-V role detected

CPU: total 12 (initial active 12) (12 cores per cpu, 2 threads per core) family 23 model 96 stepping 1 microcode 0x0, cx8, cmov, fxsr, ht, mmx, 3dnowpref, sse, sse2, sse3, ssse3, sse4a, sse4.1, sse4.2, popcnt, lzcnt, tsc, tscinvbit, avx, avx2, aes, clmul, bmi1, bmi2, adx, sha, fma, vzeroupper, clflush, clflushopt, hv

Memory: 4k page, system-wide physical 8061M (257M free)
TotalPageFile size 24445M (AvailPageFile size 65M)
current process WorkingSet (physical memory assigned to process): 371M, peak: 374M
current process commit charge ("private bytes"): 409M, peak: 504M

vm_info: OpenJDK 64-Bit Server VM (16.0.1+9) for windows-amd64 JRE (16.0.1+9), built on Apr 20 2021 21:50:36 by "Administrator" with MS VC++ 15.9 (VS2017)

END.
