#
# There is insufficient memory for the Java Runtime Environment to continue.
# Native memory allocation (mmap) failed to map 132120576 bytes for G1 virtual space
# Possible reasons:
#   The system is out of physical RAM or swap space
#   The process is running with CompressedOops enabled, and the Java Heap may be blocking the growth of the native heap
# Possible solutions:
#   Reduce memory load on the system
#   Increase physical memory or swap space
#   Check if swap backing store is full
#   Decrease Java heap size (-Xmx/-Xms)
#   Decrease number of Java threads
#   Decrease Java thread stack sizes (-Xss)
#   Set larger code cache with -XX:ReservedCodeCacheSize=
#   JVM is running with Unscaled Compressed Oops mode in which the Java heap is
#     placed in the first 4GB address space. The Java Heap base address is the
#     maximum limit for the native heap growth. Please use -XX:HeapBaseMinAddress
#     to set the Java Heap base and to place the Java Heap above 4GB virtual address.
# This output file may be truncated or incomplete.
#
#  Out of Memory Error (os_windows.cpp:3466), pid=25420, tid=568
#
# JRE version:  (16.0.1+9) (build )
# Java VM: OpenJDK 64-Bit Server VM (16.0.1+9, mixed mode, sharing, tiered, compressed oops, compressed class ptrs, g1 gc, windows-amd64)
# No core dump will be written. Minidumps are not enabled by default on client versions of Windows
#

---------------  S U M M A R Y ------------

Command Line: -Dmaven.multiModuleProjectDirectory=C:\Users\chana\ServerGuard-Remastered -Dmaven.home=C:\Program Files\JetBrains\IntelliJ IDEA Community Edition 2021.1.2\plugins\maven\lib\maven3 -Dclassworlds.conf=C:\Program Files\JetBrains\IntelliJ IDEA Community Edition 2021.1.2\plugins\maven\lib\maven3\bin\m2.conf -Dmaven.ext.class.path=C:\Program Files\JetBrains\IntelliJ IDEA Community Edition 2021.1.2\plugins\maven\lib\maven-event-listener.jar -javaagent:C:\Program Files\JetBrains\IntelliJ IDEA Community Edition 2021.1.2\lib\idea_rt.jar=52627:C:\Program Files\JetBrains\IntelliJ IDEA Community Edition 2021.1.2\bin -Dfile.encoding=UTF-8 org.codehaus.classworlds.Launcher -Didea.version=2021.1.3 package

Host: AMD Ryzen 5 4600H with Radeon Graphics         , 12 cores, 7G,  Windows 10 , 64 bit Build 22000 (10.0.22000.37)
Time: Wed Jul 28 18:55:37 2021 SE Asia Standard Time elapsed time: 0.012536 seconds (0d 0h 0m 0s)

---------------  T H R E A D  ---------------

Current thread (0x00000225c8a2ca40):  JavaThread "Unknown thread" [_thread_in_vm, id=568, stack(0x0000005559700000,0x0000005559800000)]

Stack: [0x0000005559700000,0x0000005559800000]
Native frames: (J=compiled Java code, j=interpreted, Vv=VM code, C=native code)
V  [jvm.dll+0x647c6a]
V  [jvm.dll+0x7f0369]
V  [jvm.dll+0x7f1af3]
V  [jvm.dll+0x7f2143]
V  [jvm.dll+0x23dff8]
V  [jvm.dll+0x6449aa]
V  [jvm.dll+0x6395f5]
V  [jvm.dll+0x2f6549]
V  [jvm.dll+0x2fd366]
V  [jvm.dll+0x34984a]
V  [jvm.dll+0x349a8f]
V  [jvm.dll+0x2cc768]
V  [jvm.dll+0x2cd999]
V  [jvm.dll+0x7c4261]
V  [jvm.dll+0x356d91]
V  [jvm.dll+0x7a2ec0]
V  [jvm.dll+0x3d4bf5]
V  [jvm.dll+0x3d6991]
C  [jli.dll+0x5243]
C  [ucrtbase.dll+0x26c0c]
C  [KERNEL32.DLL+0x154e0]
C  [ntdll.dll+0x485b]


---------------  P R O C E S S  ---------------

Threads class SMR info:
_java_thread_list=0x00007fff19f773d8, length=0, elements={
}

Java Threads: ( => current thread )

Other Threads:
  0x00000225c8a6d7e0 GCTaskThread "GC Thread#0" [stack: 0x0000005559800000,0x0000005559900000] [id=3564]
  0x00000225c8a7e420 ConcurrentGCThread "G1 Main Marker" [stack: 0x0000005559900000,0x0000005559a00000] [id=13888]
  0x00000225c8a7ee90 ConcurrentGCThread "G1 Conc#0" [stack: 0x0000005559a00000,0x0000005559b00000] [id=9696]

[error occurred during error reporting (printing all threads), id 0xc0000005, EXCEPTION_ACCESS_VIOLATION (0xc0000005) at pc=0x00007fff196ee057]

VM state: not at safepoint (not fully initialized)

VM Mutex/Monitor currently owned by a thread:  ([mutex/lock_event])
[0x00000225c8a29230] Heap_lock - owner thread: 0x00000225c8a2ca40

Heap address: 0x0000000082000000, size: 2016 MB, Compressed Oops mode: 32-bit

CDS archive(s) mapped at: [0x0000000000000000-0x0000000000000000-0x0000000000000000), size 0, SharedBaseAddress: 0x0000000800000000, ArchiveRelocationMode: 0.
Narrow klass base: 0x0000000000000000, Narrow klass shift: 0, Narrow klass range: 0x0

GC Precious Log:
<Empty>

Heap:
 garbage-first heap   total 0K, used 0K [0x0000000082000000, 0x0000000100000000)
  region size 1024K, 0 young (0K), 0 survivors (0K)

[error occurred during error reporting (printing heap information), id 0xc0000005, EXCEPTION_ACCESS_VIOLATION (0xc0000005) at pc=0x00007fff19aafddd]

GC Heap History (0 events):
No events

Deoptimization events (0 events):
No events

Classes unloaded (0 events):
No events

Classes redefined (0 events):
No events

Internal exceptions (0 events):
No events

Events (1 events):
Event: 0.008 Loaded shared library C:\Program Files\Amazon Corretto\jdk16.0.1_9\bin\java.dll


Dynamic libraries:
0x00007ff6e8b90000 - 0x00007ff6e8b9d000 	C:\Program Files\Amazon Corretto\jdk16.0.1_9\bin\java.exe
0x00007fff81440000 - 0x00007fff81647000 	C:\WINDOWS\SYSTEM32\ntdll.dll
0x00007fff80ba0000 - 0x00007fff80c5d000 	C:\WINDOWS\System32\KERNEL32.DLL
0x00007fff7ee10000 - 0x00007fff7f184000 	C:\WINDOWS\System32\KERNELBASE.dll
0x00007fff7b500000 - 0x00007fff7b591000 	C:\WINDOWS\SYSTEM32\apphelp.dll
0x00007fff7eb50000 - 0x00007fff7ec61000 	C:\WINDOWS\System32\ucrtbase.dll
0x00007fff52150000 - 0x00007fff52168000 	C:\Program Files\Amazon Corretto\jdk16.0.1_9\bin\jli.dll
0x00007fff54710000 - 0x00007fff54725000 	C:\Program Files\Amazon Corretto\jdk16.0.1_9\bin\VCRUNTIME140.dll
0x00007fff80860000 - 0x00007fff80a0c000 	C:\WINDOWS\System32\USER32.dll
0x00007fff7f2a0000 - 0x00007fff7f2c6000 	C:\WINDOWS\System32\win32u.dll
0x00007fff6fcb0000 - 0x00007fff6ff55000 	C:\WINDOWS\WinSxS\amd64_microsoft.windows.common-controls_6595b64144ccf1df_6.0.22000.51_none_25c0e06ad7789dba\COMCTL32.dll
0x00007fff81280000 - 0x00007fff812a9000 	C:\WINDOWS\System32\GDI32.dll
0x00007fff7ecf0000 - 0x00007fff7ee02000 	C:\WINDOWS\System32\gdi32full.dll
0x00007fff80d30000 - 0x00007fff80dd3000 	C:\WINDOWS\System32\msvcrt.dll
0x00007fff7f200000 - 0x00007fff7f29d000 	C:\WINDOWS\System32\msvcp_win.dll
0x00007fff80de0000 - 0x00007fff80e11000 	C:\WINDOWS\System32\IMM32.DLL
0x00007fff421c0000 - 0x00007fff4225b000 	C:\Program Files\Amazon Corretto\jdk16.0.1_9\bin\msvcp140.dll
0x00007fff19410000 - 0x00007fff1a019000 	C:\Program Files\Amazon Corretto\jdk16.0.1_9\bin\server\jvm.dll
0x00007fff801a0000 - 0x00007fff8024c000 	C:\WINDOWS\System32\ADVAPI32.dll
0x00007fff7fd20000 - 0x00007fff7fdbd000 	C:\WINDOWS\System32\sechost.dll
0x00007fff812d0000 - 0x00007fff813f1000 	C:\WINDOWS\System32\RPCRT4.dll
0x00007fff812b0000 - 0x00007fff812b8000 	C:\WINDOWS\System32\PSAPI.DLL
0x00007fff786e0000 - 0x00007fff78713000 	C:\WINDOWS\SYSTEM32\WINMM.dll
0x00007fff5a610000 - 0x00007fff5a619000 	C:\WINDOWS\SYSTEM32\WSOCK32.dll
0x00007fff80cc0000 - 0x00007fff80d2f000 	C:\WINDOWS\System32\WS2_32.dll
0x00007fff751b0000 - 0x00007fff751ba000 	C:\WINDOWS\SYSTEM32\VERSION.dll
0x00007fff7db00000 - 0x00007fff7db18000 	C:\WINDOWS\SYSTEM32\kernel.appcore.dll
0x00007fff5b490000 - 0x00007fff5b49a000 	C:\Program Files\Amazon Corretto\jdk16.0.1_9\bin\jimage.dll
0x00007fff7c4d0000 - 0x00007fff7c6f1000 	C:\WINDOWS\SYSTEM32\DBGHELP.DLL
0x00007fff71d90000 - 0x00007fff71dc1000 	C:\WINDOWS\SYSTEM32\dbgcore.DLL
0x00007fff7ec70000 - 0x00007fff7ecf0000 	C:\WINDOWS\System32\bcryptPrimitives.dll
0x00007fff5aeb0000 - 0x00007fff5aebe000 	C:\Program Files\Amazon Corretto\jdk16.0.1_9\bin\instrument.dll
0x00007fff51110000 - 0x00007fff51135000 	C:\Program Files\Amazon Corretto\jdk16.0.1_9\bin\java.dll

dbghelp: loaded successfully - version: 4.0.5 - missing functions: none
symbol engine: initialized successfully - sym options: 0x614 - pdb path: .;C:\Program Files\Amazon Corretto\jdk16.0.1_9\bin;C:\WINDOWS\SYSTEM32;C:\WINDOWS\WinSxS\amd64_microsoft.windows.common-controls_6595b64144ccf1df_6.0.22000.51_none_25c0e06ad7789dba;C:\Program Files\Amazon Corretto\jdk16.0.1_9\bin\server

VM Arguments:
jvm_args: -Dmaven.multiModuleProjectDirectory=C:\Users\chana\ServerGuard-Remastered -Dmaven.home=C:\Program Files\JetBrains\IntelliJ IDEA Community Edition 2021.1.2\plugins\maven\lib\maven3 -Dclassworlds.conf=C:\Program Files\JetBrains\IntelliJ IDEA Community Edition 2021.1.2\plugins\maven\lib\maven3\bin\m2.conf -Dmaven.ext.class.path=C:\Program Files\JetBrains\IntelliJ IDEA Community Edition 2021.1.2\plugins\maven\lib\maven-event-listener.jar -javaagent:C:\Program Files\JetBrains\IntelliJ IDEA Community Edition 2021.1.2\lib\idea_rt.jar=52627:C:\Program Files\JetBrains\IntelliJ IDEA Community Edition 2021.1.2\bin -Dfile.encoding=UTF-8 
java_command: org.codehaus.classworlds.Launcher -Didea.version=2021.1.3 package
java_class_path (initial): C:\Program Files\JetBrains\IntelliJ IDEA Community Edition 2021.1.2\plugins\maven\lib\maven3\boot\plexus-classworlds-2.6.0.jar;C:\Program Files\JetBrains\IntelliJ IDEA Community Edition 2021.1.2\plugins\maven\lib\maven3\boot\plexus-classworlds.license
Launcher Type: SUN_STANDARD

[Global flags]
     intx CICompilerCount                          = 4                                         {product} {ergonomic}
     uint ConcGCThreads                            = 3                                         {product} {ergonomic}
     uint G1ConcRefinementThreads                  = 10                                        {product} {ergonomic}
   size_t G1HeapRegionSize                         = 1048576                                   {product} {ergonomic}
    uintx GCDrainStackTargetSize                   = 64                                        {product} {ergonomic}
   size_t InitialHeapSize                          = 132120576                                 {product} {ergonomic}
   size_t MarkStackSize                            = 4194304                                   {product} {ergonomic}
   size_t MaxHeapSize                              = 2113929216                                {product} {ergonomic}
   size_t MinHeapDeltaBytes                        = 1048576                                   {product} {ergonomic}
   size_t MinHeapSize                              = 8388608                                   {product} {ergonomic}
    uintx NonNMethodCodeHeapSize                   = 5839372                                {pd product} {ergonomic}
    uintx NonProfiledCodeHeapSize                  = 122909434                              {pd product} {ergonomic}
    uintx ProfiledCodeHeapSize                     = 122909434                              {pd product} {ergonomic}
    uintx ReservedCodeCacheSize                    = 251658240                              {pd product} {ergonomic}
     bool SegmentedCodeCache                       = true                                      {product} {ergonomic}
   size_t SoftMaxHeapSize                          = 2113929216                             {manageable} {ergonomic}
     bool UseCompressedClassPointers               = true                           {product lp64_product} {ergonomic}
     bool UseCompressedOops                        = true                           {product lp64_product} {ergonomic}
     bool UseG1GC                                  = true                                      {product} {ergonomic}
     bool UseLargePagesIndividualAllocation        = false                                  {pd product} {ergonomic}

Logging:
Log output configuration:
 #0: stdout all=warning uptime,level,tags
 #1: stderr all=off uptime,level,tags

Environment Variables:
JAVA_HOME=C:\Program Files\Amazon Corretto\jdk16.0.1_9
PATH=C:\Program Files\Amazon Corretto\jdk11.0.11_9\bin;C:\Program Files\Amazon Corretto\jdk16.0.1_9\bin;C:\Program Files\NVIDIA GPU Computing Toolkit\CUDA\v11.3\bin;C:\Program Files\NVIDIA GPU Computing Toolkit\CUDA\v11.3\libnvvp;C:\WinAVR-20100110\bin;C:\WinAVR-20100110\utils\bin;C:\Program Files\Alacritty\;C:\Python39\Scripts\;C:\Python39\;C:\Users\chana\desktop\depot_tools;C:\Windows\system32;C:\Windows;C:\Windows\System32\Wbem;C:\Windows\System32\WindowsPowerShell\v1.0\;C:\Windows\System32\OpenSSH\;C:\Program Files (x86)\NVIDIA Corporation\PhysX\Common;C:\Program Files\NVIDIA Corporation\NVIDIA NvDLISR;C:\Program Files\Git\cmd;C:\Program Files\nodejs\;C:\ProgramData\chocolatey\bin;C:\Program Files\Go\bin;C:\ProgramData\chocolatey\lib\mpv.install\tools;C:\Strawberry\c\bin;C:\Strawberry\perl\site\bin;C:\Strawberry\perl\bin;C:\Program Files\VSCodium\bin;C:\Program Files\PowerShell\7-preview\preview;C:\Program Files\PuTTY\;C:\Program Files\NVIDIA Corporation\Nsight Compute 2021.1.1\;C:\WINDOWS\system32;C:\WINDOWS;C:\WINDOWS\System32\Wbem;C:\WINDOWS\System32\WindowsPowerShell\v1.0\;C:\WINDOWS\System32\OpenSSH\;C:\Program Files\WireGuard\;C:\Users\chana\.cargo\bin;C:\Users\chana\scoop\shims;C:\Users\chana\AppData\Local\Microsoft\WindowsApps;C:\Users\chana\AppData\Roaming\npm;C:\Users\chana\go\bin;C:\Users\chana\.dotnet\tools;C:\Users\chana\bin;C:\Program Files (x86)\GitHub CLI\;C:\bison;C:\Program Files (x86)\GnuWin32\bin;C:\Strawberry\c\bin;C:\Panda3D-1.10.9-x64\python;C:\Panda3D-1.10.9-x64\python\Scripts;C:\Panda3D-1.10.9-x64\bin;C:\Users\chana\AppData\Local\Programs\VSCodium\bin;C:\Users\chana\AppData\Local\Google\Cloud SDK\google-cloud-sdk\bin;C:\Users\chana\AppData\Local\Microsoft\WindowsApps;C:\Users\chana\AppData\Local\Programs\MiKTeX\miktex\bin\x64\;C:\Users\chana\AppData\Local\atom\bin;C:\Program Files\Emacs\x86_64\bin;C:\Users\chana\.emacs.d\bin\;
USERNAME=chana
OS=Windows_NT
PROCESSOR_IDENTIFIER=AMD64 Family 23 Model 96 Stepping 1, AuthenticAMD



---------------  S Y S T E M  ---------------

OS:
 Windows 10 , 64 bit Build 22000 (10.0.22000.37)
OS uptime: 0 days 2:56 hours
Hyper-V role detected

CPU: total 12 (initial active 12) (12 cores per cpu, 2 threads per core) family 23 model 96 stepping 1 microcode 0x0, cx8, cmov, fxsr, ht, mmx, 3dnowpref, sse, sse2, sse3, ssse3, sse4a, sse4.1, sse4.2, popcnt, lzcnt, tsc, tscinvbit, avx, avx2, aes, clmul, bmi1, bmi2, adx, sha, fma, vzeroupper, clflush, clflushopt, hv

Memory: 4k page, system-wide physical 8061M (388M free)
TotalPageFile size 24445M (AvailPageFile size 99M)
current process WorkingSet (physical memory assigned to process): 11M, peak: 11M
current process commit charge ("private bytes"): 64M, peak: 190M

vm_info: OpenJDK 64-Bit Server VM (16.0.1+9) for windows-amd64 JRE (16.0.1+9), built on Apr 20 2021 21:50:36 by "Administrator" with MS VC++ 15.9 (VS2017)

END.
