#
# There is insufficient memory for the Java Runtime Environment to continue.
# Native memory allocation (mmap) failed to map 117440512 bytes for G1 virtual space
# Possible reasons:
#   The system is out of physical RAM or swap space
#   The process is running with CompressedOops enabled, and the Java Heap may be blocking the growth of the native heap
# Possible solutions:
#   Reduce memory load on the system
#   Increase physical memory or swap space
#   Check if swap backing store is full
#   Decrease Java heap size (-Xmx/-Xms)
#   Decrease number of Java threads
#   Decrease Java thread stack sizes (-Xss)
#   Set larger code cache with -XX:ReservedCodeCacheSize=
#   JVM is running with Unscaled Compressed Oops mode in which the Java heap is
#     placed in the first 4GB address space. The Java Heap base address is the
#     maximum limit for the native heap growth. Please use -XX:HeapBaseMinAddress
#     to set the Java Heap base and to place the Java Heap above 4GB virtual address.
# This output file may be truncated or incomplete.
#
#  Out of Memory Error (os_windows.cpp:3466), pid=15536, tid=9796
#
# JRE version: OpenJDK Runtime Environment Corretto-16.0.1.9.1 (16.0.1+9) (build 16.0.1+9)
# Java VM: OpenJDK 64-Bit Server VM Corretto-16.0.1.9.1 (16.0.1+9, mixed mode, sharing, tiered, compressed oops, compressed class ptrs, g1 gc, windows-amd64)
# No core dump will be written. Minidumps are not enabled by default on client versions of Windows
#

---------------  S U M M A R Y ------------

Command Line: -Dmaven.multiModuleProjectDirectory=C:\Users\chana\ServerGuard-Remastered -Dmaven.home=C:\Program Files\JetBrains\IntelliJ IDEA Community Edition 2021.1.2\plugins\maven\lib\maven3 -Dclassworlds.conf=C:\Program Files\JetBrains\IntelliJ IDEA Community Edition 2021.1.2\plugins\maven\lib\maven3\bin\m2.conf -Dmaven.ext.class.path=C:\Program Files\JetBrains\IntelliJ IDEA Community Edition 2021.1.2\plugins\maven\lib\maven-event-listener.jar -javaagent:C:\Program Files\JetBrains\IntelliJ IDEA Community Edition 2021.1.2\lib\idea_rt.jar=51289:C:\Program Files\JetBrains\IntelliJ IDEA Community Edition 2021.1.2\bin -Dfile.encoding=UTF-8 org.codehaus.classworlds.Launcher -Didea.version=2021.1.3 package

Host: AMD Ryzen 5 4600H with Radeon Graphics         , 12 cores, 7G,  Windows 10 , 64 bit Build 22000 (10.0.22000.37)
Time: Sun Aug  1 12:33:02 2021 SE Asia Standard Time elapsed time: 7.173872 seconds (0d 0h 0m 7s)

---------------  T H R E A D  ---------------

Current thread (0x00000266a8d20400):  VMThread "VM Thread" [stack: 0x000000fef5800000,0x000000fef5900000] [id=9796]

Stack: [0x000000fef5800000,0x000000fef5900000]
Native frames: (J=compiled Java code, j=interpreted, Vv=VM code, C=native code)
V  [jvm.dll+0x647c6a]
V  [jvm.dll+0x7f0369]
V  [jvm.dll+0x7f1af3]
V  [jvm.dll+0x7f2143]
V  [jvm.dll+0x23dff8]
V  [jvm.dll+0x6449aa]
V  [jvm.dll+0x6395f5]
V  [jvm.dll+0x2f6549]
V  [jvm.dll+0x2fd366]
V  [jvm.dll+0x34984a]
V  [jvm.dll+0x349a8f]
V  [jvm.dll+0x2cc768]
V  [jvm.dll+0x2ca691]
V  [jvm.dll+0x2c9cbc]
V  [jvm.dll+0x30e492]
V  [jvm.dll+0x7f64fb]
V  [jvm.dll+0x7f70f8]
V  [jvm.dll+0x7f75fd]
V  [jvm.dll+0x7f78c4]
V  [jvm.dll+0x7f798e]
V  [jvm.dll+0x7a204a]
V  [jvm.dll+0x646aa6]
C  [ucrtbase.dll+0x26c0c]
C  [KERNEL32.DLL+0x154e0]
C  [ntdll.dll+0x485b]

VM_Operation (0x000000fef52fd8c0): G1CollectForAllocation, mode: safepoint, requested by thread 0x0000026689743240


---------------  P R O C E S S  ---------------

Threads class SMR info:
_java_thread_list=0x00000266a9982060, length=14, elements={
0x0000026689743240, 0x00000266a8d26800, 0x00000266a8d276c0, 0x00000266a8d37af0,
0x00000266a8d384f0, 0x00000266a8d39f00, 0x00000266a8d3d0b0, 0x00000266a8d3fdf0,
0x00000266a8d444d0, 0x00000266a8d4b330, 0x00000266a8d06620, 0x00000266a99a1490,
0x00000266a99a3dc0, 0x00000266a99ae080
}

Java Threads: ( => current thread )
  0x0000026689743240 JavaThread "main" [_thread_blocked, id=10704, stack(0x000000fef5200000,0x000000fef5300000)]
  0x00000266a8d26800 JavaThread "Reference Handler" daemon [_thread_blocked, id=1412, stack(0x000000fef5900000,0x000000fef5a00000)]
  0x00000266a8d276c0 JavaThread "Finalizer" daemon [_thread_blocked, id=8388, stack(0x000000fef5a00000,0x000000fef5b00000)]
  0x00000266a8d37af0 JavaThread "Signal Dispatcher" daemon [_thread_blocked, id=13636, stack(0x000000fef5b00000,0x000000fef5c00000)]
  0x00000266a8d384f0 JavaThread "Attach Listener" daemon [_thread_blocked, id=19100, stack(0x000000fef5c00000,0x000000fef5d00000)]
  0x00000266a8d39f00 JavaThread "Service Thread" daemon [_thread_blocked, id=7424, stack(0x000000fef5d00000,0x000000fef5e00000)]
  0x00000266a8d3d0b0 JavaThread "Monitor Deflation Thread" daemon [_thread_blocked, id=18676, stack(0x000000fef5e00000,0x000000fef5f00000)]
  0x00000266a8d3fdf0 JavaThread "C2 CompilerThread0" daemon [_thread_blocked, id=17464, stack(0x000000fef5f00000,0x000000fef6000000)]
  0x00000266a8d444d0 JavaThread "C1 CompilerThread0" daemon [_thread_blocked, id=2428, stack(0x000000fef6000000,0x000000fef6100000)]
  0x00000266a8d4b330 JavaThread "Sweeper thread" daemon [_thread_blocked, id=13196, stack(0x000000fef6100000,0x000000fef6200000)]
  0x00000266a8d06620 JavaThread "Common-Cleaner" daemon [_thread_blocked, id=22660, stack(0x000000fef6200000,0x000000fef6300000)]
  0x00000266a99a1490 JavaThread "Monitor Ctrl-Break" daemon [_thread_in_native, id=23096, stack(0x000000fef6300000,0x000000fef6400000)]
  0x00000266a99a3dc0 JavaThread "Notification Thread" daemon [_thread_blocked, id=10708, stack(0x000000fef6400000,0x000000fef6500000)]
  0x00000266a99ae080 JavaThread "C2 CompilerThread1" daemon [_thread_in_native, id=13496, stack(0x000000fef6600000,0x000000fef6700000)]

Other Threads:
=>0x00000266a8d20400 VMThread "VM Thread" [stack: 0x000000fef5800000,0x000000fef5900000] [id=9796]
  0x0000026689744100 WatcherThread [stack: 0x000000fef6500000,0x000000fef6600000] [id=21676]
  0x000002668977c500 GCTaskThread "GC Thread#0" [stack: 0x000000fef5300000,0x000000fef5400000] [id=2660]
  0x00000266aa3c8700 GCTaskThread "GC Thread#1" [stack: 0x000000fef6700000,0x000000fef6800000] [id=20176]
  0x00000266a9fd0e50 GCTaskThread "GC Thread#2" [stack: 0x000000fef6800000,0x000000fef6900000] [id=5280]
  0x00000266aa290650 GCTaskThread "GC Thread#3" [stack: 0x000000fef6900000,0x000000fef6a00000] [id=14944]
  0x00000266aa2ba830 GCTaskThread "GC Thread#4" [stack: 0x000000fef6a00000,0x000000fef6b00000] [id=9264]
  0x00000266aa2aba80 GCTaskThread "GC Thread#5" [stack: 0x000000fef6b00000,0x000000fef6c00000] [id=9364]
  0x00000266aa3ed5a0 GCTaskThread "GC Thread#6" [stack: 0x000000fef6c00000,0x000000fef6d00000] [id=16116]
  0x00000266aa3ed8b0 GCTaskThread "GC Thread#7" [stack: 0x000000fef6d00000,0x000000fef6e00000] [id=18572]
  0x00000266aaa23c20 GCTaskThread "GC Thread#8" [stack: 0x000000fef6e00000,0x000000fef6f00000] [id=2784]
  0x00000266aa921450 GCTaskThread "GC Thread#9" [stack: 0x000000fef6f00000,0x000000fef7000000] [id=13476]
  0x000002668978d140 ConcurrentGCThread "G1 Main Marker" [stack: 0x000000fef5400000,0x000000fef5500000] [id=13228]
  0x000002668978dbb0 ConcurrentGCThread "G1 Conc#0" [stack: 0x000000fef5500000,0x000000fef5600000] [id=11152]
  0x00000266a8bd0090 ConcurrentGCThread "G1 Refine#0" [stack: 0x000000fef5600000,0x000000fef5700000] [id=14132]
  0x00000266a8bd0b10 ConcurrentGCThread "G1 Service" [stack: 0x000000fef5700000,0x000000fef5800000] [id=3100]

Threads with active compile tasks:
C2 CompilerThread0     7197 5186       4       java.util.regex.Pattern::compile (500 bytes)
C2 CompilerThread1     7197 4636 %     4       org.vafer.jdeb.shaded.objectweb.asm.ClassReader::readCode @ 2185 (5109 bytes)

VM state: at safepoint (normal execution)

VM Mutex/Monitor currently owned by a thread:  ([mutex/lock_event])
[0x0000026689740960] Threads_lock - owner thread: 0x00000266a8d20400
[0x0000026689740720] Heap_lock - owner thread: 0x0000026689743240

Heap address: 0x0000000082000000, size: 2016 MB, Compressed Oops mode: 32-bit

CDS archive(s) mapped at: [0x0000000800000000-0x0000000800be0000-0x0000000800be0000), size 12451840, SharedBaseAddress: 0x0000000800000000, ArchiveRelocationMode: 0.
Compressed class space mapped at: 0x0000000800c00000-0x0000000840c00000, reserved size: 1073741824
Narrow klass base: 0x0000000800000000, Narrow klass shift: 3, Narrow klass range: 0x100000000

GC Precious Log:
 CPUs: 12 total, 12 available
 Memory: 8061M
 Large Page Support: Disabled
 NUMA Support: Disabled
 Compressed Oops: Enabled (32-bit)
 Heap Region Size: 1M
 Heap Min Capacity: 8M
 Heap Initial Capacity: 126M
 Heap Max Capacity: 2016M
 Pre-touch: Disabled
 Parallel Workers: 10
 Concurrent Workers: 3
 Concurrent Refinement Workers: 10
 Periodic GC: Disabled

Heap:
 garbage-first heap   total 202752K, used 33413K [0x0000000082000000, 0x0000000100000000)
  region size 1024K, 9 young (9216K), 9 survivors (9216K)
 Metaspace       used 19184K, committed 19520K, reserved 1073152K
  class space    used 1945K, committed 2112K, reserved 1048576K

Heap Regions: E=young(eden), S=young(survivor), O=old, HS=humongous(starts), HC=humongous(continues), CS=collection set, F=free, OA=open archive, CA=closed archive, TAMS=top-at-mark-start (previous, next)
|   0|0x0000000082000000, 0x0000000082100000, 0x0000000082100000|100%| O|  |TAMS 0x0000000082000000, 0x0000000082000000| Untracked 
|   1|0x0000000082100000, 0x0000000082200000, 0x0000000082200000|100%| O|  |TAMS 0x0000000082100000, 0x0000000082100000| Untracked 
|   2|0x0000000082200000, 0x0000000082300000, 0x0000000082300000|100%| O|  |TAMS 0x0000000082200000, 0x0000000082200000| Untracked 
|   3|0x0000000082300000, 0x0000000082400000, 0x0000000082400000|100%| O|  |TAMS 0x0000000082300000, 0x0000000082300000| Untracked 
|   4|0x0000000082400000, 0x0000000082500000, 0x0000000082500000|100%| O|  |TAMS 0x0000000082400000, 0x0000000082400000| Untracked 
|   5|0x0000000082500000, 0x0000000082600000, 0x0000000082600000|100%| O|  |TAMS 0x0000000082500000, 0x0000000082500000| Untracked 
|   6|0x0000000082600000, 0x0000000082700000, 0x0000000082700000|100%| O|  |TAMS 0x0000000082600000, 0x0000000082600000| Untracked 
|   7|0x0000000082700000, 0x0000000082800000, 0x0000000082800000|100%| O|  |TAMS 0x0000000082700000, 0x0000000082700000| Untracked 
|   8|0x0000000082800000, 0x0000000082900000, 0x0000000082900000|100%| O|  |TAMS 0x0000000082800000, 0x0000000082800000| Untracked 
|   9|0x0000000082900000, 0x0000000082a00000, 0x0000000082a00000|100%| O|  |TAMS 0x0000000082900000, 0x0000000082900000| Untracked 
|  10|0x0000000082a00000, 0x0000000082b00000, 0x0000000082b00000|100%| O|  |TAMS 0x0000000082a00000, 0x0000000082a00000| Untracked 
|  11|0x0000000082b00000, 0x0000000082c00000, 0x0000000082c00000|100%| O|  |TAMS 0x0000000082b00000, 0x0000000082b00000| Untracked 
|  12|0x0000000082c00000, 0x0000000082d00000, 0x0000000082d00000|100%| O|  |TAMS 0x0000000082c00000, 0x0000000082c00000| Untracked 
|  13|0x0000000082d00000, 0x0000000082e00000, 0x0000000082e00000|100%| O|  |TAMS 0x0000000082d00000, 0x0000000082d00000| Untracked 
|  14|0x0000000082e00000, 0x0000000082f00000, 0x0000000082f00000|100%| O|  |TAMS 0x0000000082e00000, 0x0000000082e00000| Untracked 
|  15|0x0000000082f00000, 0x0000000083000000, 0x0000000083000000|100%| O|  |TAMS 0x0000000082f00000, 0x0000000082f00000| Untracked 
|  16|0x0000000083000000, 0x0000000083100000, 0x0000000083100000|100%| O|  |TAMS 0x0000000083000000, 0x0000000083000000| Untracked 
|  17|0x0000000083100000, 0x0000000083200000, 0x0000000083200000|100%| O|  |TAMS 0x0000000083100000, 0x0000000083100000| Untracked 
|  18|0x0000000083200000, 0x0000000083300000, 0x0000000083300000|100%| O|  |TAMS 0x0000000083200000, 0x0000000083200000| Untracked 
|  19|0x0000000083300000, 0x0000000083400000, 0x0000000083400000|100%| O|  |TAMS 0x0000000083300000, 0x0000000083300000| Untracked 
|  20|0x0000000083400000, 0x0000000083500000, 0x0000000083500000|100%| O|  |TAMS 0x0000000083400000, 0x0000000083400000| Untracked 
|  21|0x0000000083500000, 0x0000000083600000, 0x0000000083600000|100%| O|  |TAMS 0x0000000083500000, 0x0000000083500000| Untracked 
|  22|0x0000000083600000, 0x0000000083700000, 0x0000000083700000|100%| O|  |TAMS 0x0000000083600000, 0x0000000083600000| Untracked 
|  23|0x0000000083700000, 0x0000000083800000, 0x0000000083800000|100%| O|  |TAMS 0x0000000083700000, 0x0000000083700000| Untracked 
|  24|0x0000000083800000, 0x0000000083800000, 0x0000000083900000|  0%| F|  |TAMS 0x0000000083800000, 0x0000000083800000| Untracked 
|  25|0x0000000083900000, 0x0000000083900000, 0x0000000083a00000|  0%| F|  |TAMS 0x0000000083900000, 0x0000000083900000| Untracked 
|  26|0x0000000083a00000, 0x0000000083a00000, 0x0000000083b00000|  0%| F|  |TAMS 0x0000000083a00000, 0x0000000083a00000| Untracked 
|  27|0x0000000083b00000, 0x0000000083b00000, 0x0000000083c00000|  0%| F|  |TAMS 0x0000000083b00000, 0x0000000083b00000| Untracked 
|  28|0x0000000083c00000, 0x0000000083c00000, 0x0000000083d00000|  0%| F|  |TAMS 0x0000000083c00000, 0x0000000083c00000| Untracked 
|  29|0x0000000083d00000, 0x0000000083d00000, 0x0000000083e00000|  0%| F|  |TAMS 0x0000000083d00000, 0x0000000083d00000| Untracked 
|  30|0x0000000083e00000, 0x0000000083e00000, 0x0000000083f00000|  0%| F|  |TAMS 0x0000000083e00000, 0x0000000083e00000| Untracked 
|  31|0x0000000083f00000, 0x0000000083f00000, 0x0000000084000000|  0%| F|  |TAMS 0x0000000083f00000, 0x0000000083f00000| Untracked 
|  32|0x0000000084000000, 0x0000000084000000, 0x0000000084100000|  0%| F|  |TAMS 0x0000000084000000, 0x0000000084000000| Untracked 
|  33|0x0000000084100000, 0x0000000084100000, 0x0000000084200000|  0%| F|  |TAMS 0x0000000084100000, 0x0000000084100000| Untracked 
|  34|0x0000000084200000, 0x0000000084200000, 0x0000000084300000|  0%| F|  |TAMS 0x0000000084200000, 0x0000000084200000| Untracked 
|  35|0x0000000084300000, 0x0000000084300000, 0x0000000084400000|  0%| F|  |TAMS 0x0000000084300000, 0x0000000084300000| Untracked 
|  36|0x0000000084400000, 0x0000000084400000, 0x0000000084500000|  0%| F|  |TAMS 0x0000000084400000, 0x0000000084400000| Untracked 
|  37|0x0000000084500000, 0x0000000084500000, 0x0000000084600000|  0%| F|  |TAMS 0x0000000084500000, 0x0000000084500000| Untracked 
|  38|0x0000000084600000, 0x0000000084600000, 0x0000000084700000|  0%| F|  |TAMS 0x0000000084600000, 0x0000000084600000| Untracked 
|  39|0x0000000084700000, 0x0000000084700000, 0x0000000084800000|  0%| F|  |TAMS 0x0000000084700000, 0x0000000084700000| Untracked 
|  40|0x0000000084800000, 0x0000000084800000, 0x0000000084900000|  0%| F|  |TAMS 0x0000000084800000, 0x0000000084800000| Untracked 
|  41|0x0000000084900000, 0x0000000084900000, 0x0000000084a00000|  0%| F|  |TAMS 0x0000000084900000, 0x0000000084900000| Untracked 
|  42|0x0000000084a00000, 0x0000000084a00000, 0x0000000084b00000|  0%| F|  |TAMS 0x0000000084a00000, 0x0000000084a00000| Untracked 
|  43|0x0000000084b00000, 0x0000000084b00000, 0x0000000084c00000|  0%| F|  |TAMS 0x0000000084b00000, 0x0000000084b00000| Untracked 
|  44|0x0000000084c00000, 0x0000000084c00000, 0x0000000084d00000|  0%| F|  |TAMS 0x0000000084c00000, 0x0000000084c00000| Untracked 
|  45|0x0000000084d00000, 0x0000000084d00000, 0x0000000084e00000|  0%| F|  |TAMS 0x0000000084d00000, 0x0000000084d00000| Untracked 
|  46|0x0000000084e00000, 0x0000000084e00000, 0x0000000084f00000|  0%| F|  |TAMS 0x0000000084e00000, 0x0000000084e00000| Untracked 
|  47|0x0000000084f00000, 0x0000000084f00000, 0x0000000085000000|  0%| F|  |TAMS 0x0000000084f00000, 0x0000000084f00000| Untracked 
|  48|0x0000000085000000, 0x0000000085000000, 0x0000000085100000|  0%| F|  |TAMS 0x0000000085000000, 0x0000000085000000| Untracked 
|  49|0x0000000085100000, 0x0000000085100000, 0x0000000085200000|  0%| F|  |TAMS 0x0000000085100000, 0x0000000085100000| Untracked 
|  50|0x0000000085200000, 0x0000000085200000, 0x0000000085300000|  0%| F|  |TAMS 0x0000000085200000, 0x0000000085200000| Untracked 
|  51|0x0000000085300000, 0x0000000085300000, 0x0000000085400000|  0%| F|  |TAMS 0x0000000085300000, 0x0000000085300000| Untracked 
|  52|0x0000000085400000, 0x0000000085400000, 0x0000000085500000|  0%| F|  |TAMS 0x0000000085400000, 0x0000000085400000| Untracked 
|  53|0x0000000085500000, 0x0000000085500000, 0x0000000085600000|  0%| F|  |TAMS 0x0000000085500000, 0x0000000085500000| Untracked 
|  54|0x0000000085600000, 0x0000000085600000, 0x0000000085700000|  0%| F|  |TAMS 0x0000000085600000, 0x0000000085600000| Untracked 
|  55|0x0000000085700000, 0x0000000085700000, 0x0000000085800000|  0%| F|  |TAMS 0x0000000085700000, 0x0000000085700000| Untracked 
|  56|0x0000000085800000, 0x0000000085800000, 0x0000000085900000|  0%| F|  |TAMS 0x0000000085800000, 0x0000000085800000| Untracked 
|  57|0x0000000085900000, 0x0000000085900000, 0x0000000085a00000|  0%| F|  |TAMS 0x0000000085900000, 0x0000000085900000| Untracked 
|  58|0x0000000085a00000, 0x0000000085a00000, 0x0000000085b00000|  0%| F|  |TAMS 0x0000000085a00000, 0x0000000085a00000| Untracked 
|  59|0x0000000085b00000, 0x0000000085b00000, 0x0000000085c00000|  0%| F|  |TAMS 0x0000000085b00000, 0x0000000085b00000| Untracked 
|  60|0x0000000085c00000, 0x0000000085c00000, 0x0000000085d00000|  0%| F|  |TAMS 0x0000000085c00000, 0x0000000085c00000| Untracked 
|  61|0x0000000085d00000, 0x0000000085d00000, 0x0000000085e00000|  0%| F|  |TAMS 0x0000000085d00000, 0x0000000085d00000| Untracked 
|  62|0x0000000085e00000, 0x0000000085e00000, 0x0000000085f00000|  0%| F|  |TAMS 0x0000000085e00000, 0x0000000085e00000| Untracked 
|  63|0x0000000085f00000, 0x0000000085f00000, 0x0000000086000000|  0%| F|  |TAMS 0x0000000085f00000, 0x0000000085f00000| Untracked 
|  64|0x0000000086000000, 0x0000000086000000, 0x0000000086100000|  0%| F|  |TAMS 0x0000000086000000, 0x0000000086000000| Untracked 
|  65|0x0000000086100000, 0x0000000086100000, 0x0000000086200000|  0%| F|  |TAMS 0x0000000086100000, 0x0000000086100000| Untracked 
|  66|0x0000000086200000, 0x0000000086200000, 0x0000000086300000|  0%| F|  |TAMS 0x0000000086200000, 0x0000000086200000| Untracked 
|  67|0x0000000086300000, 0x0000000086300000, 0x0000000086400000|  0%| F|  |TAMS 0x0000000086300000, 0x0000000086300000| Untracked 
|  68|0x0000000086400000, 0x0000000086400000, 0x0000000086500000|  0%| F|  |TAMS 0x0000000086400000, 0x0000000086400000| Untracked 
|  69|0x0000000086500000, 0x0000000086500000, 0x0000000086600000|  0%| F|  |TAMS 0x0000000086500000, 0x0000000086500000| Untracked 
|  70|0x0000000086600000, 0x0000000086600000, 0x0000000086700000|  0%| F|  |TAMS 0x0000000086600000, 0x0000000086600000| Untracked 
|  71|0x0000000086700000, 0x00000000867a1548, 0x0000000086800000| 63%| S|CS|TAMS 0x0000000086700000, 0x0000000086700000| Complete 
|  72|0x0000000086800000, 0x0000000086900000, 0x0000000086900000|100%| S|CS|TAMS 0x0000000086800000, 0x0000000086800000| Complete 
|  73|0x0000000086900000, 0x0000000086a00000, 0x0000000086a00000|100%| S|CS|TAMS 0x0000000086900000, 0x0000000086900000| Complete 
|  74|0x0000000086a00000, 0x0000000086b00000, 0x0000000086b00000|100%| S|CS|TAMS 0x0000000086a00000, 0x0000000086a00000| Complete 
|  75|0x0000000086b00000, 0x0000000086c00000, 0x0000000086c00000|100%| S|CS|TAMS 0x0000000086b00000, 0x0000000086b00000| Complete 
|  76|0x0000000086c00000, 0x0000000086d00000, 0x0000000086d00000|100%| S|CS|TAMS 0x0000000086c00000, 0x0000000086c00000| Complete 
|  77|0x0000000086d00000, 0x0000000086d00000, 0x0000000086e00000|  0%| F|  |TAMS 0x0000000086d00000, 0x0000000086d00000| Untracked 
|  78|0x0000000086e00000, 0x0000000086e00000, 0x0000000086f00000|  0%| F|  |TAMS 0x0000000086e00000, 0x0000000086e00000| Untracked 
|  79|0x0000000086f00000, 0x0000000086f00000, 0x0000000087000000|  0%| F|  |TAMS 0x0000000086f00000, 0x0000000086f00000| Untracked 
|  80|0x0000000087000000, 0x0000000087000000, 0x0000000087100000|  0%| F|  |TAMS 0x0000000087000000, 0x0000000087000000| Untracked 
|  81|0x0000000087100000, 0x0000000087100000, 0x0000000087200000|  0%| F|  |TAMS 0x0000000087100000, 0x0000000087100000| Untracked 
|  82|0x0000000087200000, 0x0000000087200000, 0x0000000087300000|  0%| F|  |TAMS 0x0000000087200000, 0x0000000087200000| Untracked 
|  83|0x0000000087300000, 0x0000000087300000, 0x0000000087400000|  0%| F|  |TAMS 0x0000000087300000, 0x0000000087300000| Untracked 
|  84|0x0000000087400000, 0x0000000087400000, 0x0000000087500000|  0%| F|  |TAMS 0x0000000087400000, 0x0000000087400000| Untracked 
|  85|0x0000000087500000, 0x0000000087500000, 0x0000000087600000|  0%| F|  |TAMS 0x0000000087500000, 0x0000000087500000| Untracked 
|  86|0x0000000087600000, 0x0000000087700000, 0x0000000087700000|100%| S|CS|TAMS 0x0000000087600000, 0x0000000087600000| Complete 
|  87|0x0000000087700000, 0x0000000087800000, 0x0000000087800000|100%| S|CS|TAMS 0x0000000087700000, 0x0000000087700000| Complete 
|  88|0x0000000087800000, 0x0000000087900000, 0x0000000087900000|100%| S|CS|TAMS 0x0000000087800000, 0x0000000087800000| Complete 
|  89|0x0000000087900000, 0x0000000087900000, 0x0000000087a00000|  0%| F|  |TAMS 0x0000000087900000, 0x0000000087900000| Untracked 
|  90|0x0000000087a00000, 0x0000000087a00000, 0x0000000087b00000|  0%| F|  |TAMS 0x0000000087a00000, 0x0000000087a00000| Untracked 
|  91|0x0000000087b00000, 0x0000000087b00000, 0x0000000087c00000|  0%| F|  |TAMS 0x0000000087b00000, 0x0000000087b00000| Untracked 
|  92|0x0000000087c00000, 0x0000000087c00000, 0x0000000087d00000|  0%| F|  |TAMS 0x0000000087c00000, 0x0000000087c00000| Untracked 
|  93|0x0000000087d00000, 0x0000000087d00000, 0x0000000087e00000|  0%| F|  |TAMS 0x0000000087d00000, 0x0000000087d00000| Untracked 
|  94|0x0000000087e00000, 0x0000000087e00000, 0x0000000087f00000|  0%| F|  |TAMS 0x0000000087e00000, 0x0000000087e00000| Untracked 
|  95|0x0000000087f00000, 0x0000000087f00000, 0x0000000088000000|  0%| F|  |TAMS 0x0000000087f00000, 0x0000000087f00000| Untracked 
|  96|0x0000000088000000, 0x0000000088000000, 0x0000000088100000|  0%| F|  |TAMS 0x0000000088000000, 0x0000000088000000| Untracked 
|  97|0x0000000088100000, 0x0000000088100000, 0x0000000088200000|  0%| F|  |TAMS 0x0000000088100000, 0x0000000088100000| Untracked 
|  98|0x0000000088200000, 0x0000000088200000, 0x0000000088300000|  0%| F|  |TAMS 0x0000000088200000, 0x0000000088200000| Untracked 
|  99|0x0000000088300000, 0x0000000088300000, 0x0000000088400000|  0%| F|  |TAMS 0x0000000088300000, 0x0000000088300000| Untracked 
| 100|0x0000000088400000, 0x0000000088400000, 0x0000000088500000|  0%| F|  |TAMS 0x0000000088400000, 0x0000000088400000| Untracked 
| 101|0x0000000088500000, 0x0000000088500000, 0x0000000088600000|  0%| F|  |TAMS 0x0000000088500000, 0x0000000088500000| Untracked 
| 102|0x0000000088600000, 0x0000000088600000, 0x0000000088700000|  0%| F|  |TAMS 0x0000000088600000, 0x0000000088600000| Untracked 
| 103|0x0000000088700000, 0x0000000088700000, 0x0000000088800000|  0%| F|  |TAMS 0x0000000088700000, 0x0000000088700000| Untracked 
| 104|0x0000000088800000, 0x0000000088800000, 0x0000000088900000|  0%| F|  |TAMS 0x0000000088800000, 0x0000000088800000| Untracked 
| 105|0x0000000088900000, 0x0000000088900000, 0x0000000088a00000|  0%| F|  |TAMS 0x0000000088900000, 0x0000000088900000| Untracked 
| 106|0x0000000088a00000, 0x0000000088a00000, 0x0000000088b00000|  0%| F|  |TAMS 0x0000000088a00000, 0x0000000088a00000| Untracked 
| 107|0x0000000088b00000, 0x0000000088b00000, 0x0000000088c00000|  0%| F|  |TAMS 0x0000000088b00000, 0x0000000088b00000| Untracked 
| 108|0x0000000088c00000, 0x0000000088c00000, 0x0000000088d00000|  0%| F|  |TAMS 0x0000000088c00000, 0x0000000088c00000| Untracked 
| 109|0x0000000088d00000, 0x0000000088d00000, 0x0000000088e00000|  0%| F|  |TAMS 0x0000000088d00000, 0x0000000088d00000| Untracked 
| 110|0x0000000088e00000, 0x0000000088e00000, 0x0000000088f00000|  0%| F|  |TAMS 0x0000000088e00000, 0x0000000088e00000| Untracked 
| 111|0x0000000088f00000, 0x0000000088f00000, 0x0000000089000000|  0%| F|  |TAMS 0x0000000088f00000, 0x0000000088f00000| Untracked 
| 112|0x0000000089000000, 0x0000000089000000, 0x0000000089100000|  0%| F|  |TAMS 0x0000000089000000, 0x0000000089000000| Untracked 
| 113|0x0000000089100000, 0x0000000089100000, 0x0000000089200000|  0%| F|  |TAMS 0x0000000089100000, 0x0000000089100000| Untracked 
| 114|0x0000000089200000, 0x0000000089200000, 0x0000000089300000|  0%| F|  |TAMS 0x0000000089200000, 0x0000000089200000| Untracked 
| 115|0x0000000089300000, 0x0000000089300000, 0x0000000089400000|  0%| F|  |TAMS 0x0000000089300000, 0x0000000089300000| Untracked 
| 116|0x0000000089400000, 0x0000000089400000, 0x0000000089500000|  0%| F|  |TAMS 0x0000000089400000, 0x0000000089400000| Untracked 
| 117|0x0000000089500000, 0x0000000089500000, 0x0000000089600000|  0%| F|  |TAMS 0x0000000089500000, 0x0000000089500000| Untracked 
| 118|0x0000000089600000, 0x0000000089600000, 0x0000000089700000|  0%| F|  |TAMS 0x0000000089600000, 0x0000000089600000| Untracked 
| 119|0x0000000089700000, 0x0000000089700000, 0x0000000089800000|  0%| F|  |TAMS 0x0000000089700000, 0x0000000089700000| Untracked 
| 120|0x0000000089800000, 0x0000000089800000, 0x0000000089900000|  0%| F|  |TAMS 0x0000000089800000, 0x0000000089800000| Untracked 
| 121|0x0000000089900000, 0x0000000089900000, 0x0000000089a00000|  0%| F|  |TAMS 0x0000000089900000, 0x0000000089900000| Untracked 
| 122|0x0000000089a00000, 0x0000000089a00000, 0x0000000089b00000|  0%| F|  |TAMS 0x0000000089a00000, 0x0000000089a00000| Untracked 
| 123|0x0000000089b00000, 0x0000000089b00000, 0x0000000089c00000|  0%| F|  |TAMS 0x0000000089b00000, 0x0000000089b00000| Untracked 
| 124|0x0000000089c00000, 0x0000000089c00000, 0x0000000089d00000|  0%| F|  |TAMS 0x0000000089c00000, 0x0000000089c00000| Untracked 
| 125|0x0000000089d00000, 0x0000000089d00000, 0x0000000089e00000|  0%| F|  |TAMS 0x0000000089d00000, 0x0000000089d00000| Untracked 
| 126|0x0000000089e00000, 0x0000000089e00000, 0x0000000089f00000|  0%| F|  |TAMS 0x0000000089e00000, 0x0000000089e00000| Untracked 
| 127|0x0000000089f00000, 0x0000000089f00000, 0x000000008a000000|  0%| F|  |TAMS 0x0000000089f00000, 0x0000000089f00000| Untracked 
| 128|0x000000008a000000, 0x000000008a000000, 0x000000008a100000|  0%| F|  |TAMS 0x000000008a000000, 0x000000008a000000| Untracked 
| 129|0x000000008a100000, 0x000000008a100000, 0x000000008a200000|  0%| F|  |TAMS 0x000000008a100000, 0x000000008a100000| Untracked 
| 130|0x000000008a200000, 0x000000008a200000, 0x000000008a300000|  0%| F|  |TAMS 0x000000008a200000, 0x000000008a200000| Untracked 
| 131|0x000000008a300000, 0x000000008a300000, 0x000000008a400000|  0%| F|  |TAMS 0x000000008a300000, 0x000000008a300000| Untracked 
| 132|0x000000008a400000, 0x000000008a400000, 0x000000008a500000|  0%| F|  |TAMS 0x000000008a400000, 0x000000008a400000| Untracked 
| 133|0x000000008a500000, 0x000000008a500000, 0x000000008a600000|  0%| F|  |TAMS 0x000000008a500000, 0x000000008a500000| Untracked 
| 134|0x000000008a600000, 0x000000008a600000, 0x000000008a700000|  0%| F|  |TAMS 0x000000008a600000, 0x000000008a600000| Untracked 
| 135|0x000000008a700000, 0x000000008a700000, 0x000000008a800000|  0%| F|  |TAMS 0x000000008a700000, 0x000000008a700000| Untracked 
| 136|0x000000008a800000, 0x000000008a800000, 0x000000008a900000|  0%| F|  |TAMS 0x000000008a800000, 0x000000008a800000| Untracked 
| 137|0x000000008a900000, 0x000000008a900000, 0x000000008aa00000|  0%| F|  |TAMS 0x000000008a900000, 0x000000008a900000| Untracked 
| 138|0x000000008aa00000, 0x000000008aa00000, 0x000000008ab00000|  0%| F|  |TAMS 0x000000008aa00000, 0x000000008aa00000| Untracked 
| 139|0x000000008ab00000, 0x000000008ab00000, 0x000000008ac00000|  0%| F|  |TAMS 0x000000008ab00000, 0x000000008ab00000| Untracked 
| 140|0x000000008ac00000, 0x000000008ac00000, 0x000000008ad00000|  0%| F|  |TAMS 0x000000008ac00000, 0x000000008ac00000| Untracked 
| 141|0x000000008ad00000, 0x000000008ad00000, 0x000000008ae00000|  0%| F|  |TAMS 0x000000008ad00000, 0x000000008ad00000| Untracked 
| 142|0x000000008ae00000, 0x000000008ae00000, 0x000000008af00000|  0%| F|  |TAMS 0x000000008ae00000, 0x000000008ae00000| Untracked 
| 143|0x000000008af00000, 0x000000008af00000, 0x000000008b000000|  0%| F|  |TAMS 0x000000008af00000, 0x000000008af00000| Untracked 
| 144|0x000000008b000000, 0x000000008b000000, 0x000000008b100000|  0%| F|  |TAMS 0x000000008b000000, 0x000000008b000000| Untracked 
| 145|0x000000008b100000, 0x000000008b100000, 0x000000008b200000|  0%| F|  |TAMS 0x000000008b100000, 0x000000008b100000| Untracked 
| 146|0x000000008b200000, 0x000000008b200000, 0x000000008b300000|  0%| F|  |TAMS 0x000000008b200000, 0x000000008b200000| Untracked 
| 147|0x000000008b300000, 0x000000008b300000, 0x000000008b400000|  0%| F|  |TAMS 0x000000008b300000, 0x000000008b300000| Untracked 
| 148|0x000000008b400000, 0x000000008b400000, 0x000000008b500000|  0%| F|  |TAMS 0x000000008b400000, 0x000000008b400000| Untracked 
| 149|0x000000008b500000, 0x000000008b500000, 0x000000008b600000|  0%| F|  |TAMS 0x000000008b500000, 0x000000008b500000| Untracked 
| 150|0x000000008b600000, 0x000000008b600000, 0x000000008b700000|  0%| F|  |TAMS 0x000000008b600000, 0x000000008b600000| Untracked 
| 151|0x000000008b700000, 0x000000008b700000, 0x000000008b800000|  0%| F|  |TAMS 0x000000008b700000, 0x000000008b700000| Untracked 
| 152|0x000000008b800000, 0x000000008b800000, 0x000000008b900000|  0%| F|  |TAMS 0x000000008b800000, 0x000000008b800000| Untracked 
| 153|0x000000008b900000, 0x000000008b900000, 0x000000008ba00000|  0%| F|  |TAMS 0x000000008b900000, 0x000000008b900000| Untracked 
| 154|0x000000008ba00000, 0x000000008ba00000, 0x000000008bb00000|  0%| F|  |TAMS 0x000000008ba00000, 0x000000008ba00000| Untracked 
| 155|0x000000008bb00000, 0x000000008bb00000, 0x000000008bc00000|  0%| F|  |TAMS 0x000000008bb00000, 0x000000008bb00000| Untracked 
| 156|0x000000008bc00000, 0x000000008bc00000, 0x000000008bd00000|  0%| F|  |TAMS 0x000000008bc00000, 0x000000008bc00000| Untracked 
| 157|0x000000008bd00000, 0x000000008bd00000, 0x000000008be00000|  0%| F|  |TAMS 0x000000008bd00000, 0x000000008bd00000| Untracked 
| 158|0x000000008be00000, 0x000000008be00000, 0x000000008bf00000|  0%| F|  |TAMS 0x000000008be00000, 0x000000008be00000| Untracked 
| 159|0x000000008bf00000, 0x000000008bf00000, 0x000000008c000000|  0%| F|  |TAMS 0x000000008bf00000, 0x000000008bf00000| Untracked 
| 160|0x000000008c000000, 0x000000008c000000, 0x000000008c100000|  0%| F|  |TAMS 0x000000008c000000, 0x000000008c000000| Untracked 
| 161|0x000000008c100000, 0x000000008c100000, 0x000000008c200000|  0%| F|  |TAMS 0x000000008c100000, 0x000000008c100000| Untracked 
| 162|0x000000008c200000, 0x000000008c200000, 0x000000008c300000|  0%| F|  |TAMS 0x000000008c200000, 0x000000008c200000| Untracked 
| 163|0x000000008c300000, 0x000000008c300000, 0x000000008c400000|  0%| F|  |TAMS 0x000000008c300000, 0x000000008c300000| Untracked 
| 164|0x000000008c400000, 0x000000008c400000, 0x000000008c500000|  0%| F|  |TAMS 0x000000008c400000, 0x000000008c400000| Untracked 
| 165|0x000000008c500000, 0x000000008c500000, 0x000000008c600000|  0%| F|  |TAMS 0x000000008c500000, 0x000000008c500000| Untracked 
| 166|0x000000008c600000, 0x000000008c600000, 0x000000008c700000|  0%| F|  |TAMS 0x000000008c600000, 0x000000008c600000| Untracked 
| 167|0x000000008c700000, 0x000000008c700000, 0x000000008c800000|  0%| F|  |TAMS 0x000000008c700000, 0x000000008c700000| Untracked 
| 168|0x000000008c800000, 0x000000008c800000, 0x000000008c900000|  0%| F|  |TAMS 0x000000008c800000, 0x000000008c800000| Untracked 
| 169|0x000000008c900000, 0x000000008c900000, 0x000000008ca00000|  0%| F|  |TAMS 0x000000008c900000, 0x000000008c900000| Untracked 
| 170|0x000000008ca00000, 0x000000008ca00000, 0x000000008cb00000|  0%| F|  |TAMS 0x000000008ca00000, 0x000000008ca00000| Untracked 
| 171|0x000000008cb00000, 0x000000008cb00000, 0x000000008cc00000|  0%| F|  |TAMS 0x000000008cb00000, 0x000000008cb00000| Untracked 
| 172|0x000000008cc00000, 0x000000008cc00000, 0x000000008cd00000|  0%| F|  |TAMS 0x000000008cc00000, 0x000000008cc00000| Untracked 
| 173|0x000000008cd00000, 0x000000008cd00000, 0x000000008ce00000|  0%| F|  |TAMS 0x000000008cd00000, 0x000000008cd00000| Untracked 
| 174|0x000000008ce00000, 0x000000008ce00000, 0x000000008cf00000|  0%| F|  |TAMS 0x000000008ce00000, 0x000000008ce00000| Untracked 
| 175|0x000000008cf00000, 0x000000008cf00000, 0x000000008d000000|  0%| F|  |TAMS 0x000000008cf00000, 0x000000008cf00000| Untracked 
| 176|0x000000008d000000, 0x000000008d000000, 0x000000008d100000|  0%| F|  |TAMS 0x000000008d000000, 0x000000008d000000| Untracked 
| 177|0x000000008d100000, 0x000000008d100000, 0x000000008d200000|  0%| F|  |TAMS 0x000000008d100000, 0x000000008d100000| Untracked 
| 178|0x000000008d200000, 0x000000008d200000, 0x000000008d300000|  0%| F|  |TAMS 0x000000008d200000, 0x000000008d200000| Untracked 
| 179|0x000000008d300000, 0x000000008d300000, 0x000000008d400000|  0%| F|  |TAMS 0x000000008d300000, 0x000000008d300000| Untracked 
| 180|0x000000008d400000, 0x000000008d400000, 0x000000008d500000|  0%| F|  |TAMS 0x000000008d400000, 0x000000008d400000| Untracked 
| 181|0x000000008d500000, 0x000000008d500000, 0x000000008d600000|  0%| F|  |TAMS 0x000000008d500000, 0x000000008d500000| Untracked 
| 182|0x000000008d600000, 0x000000008d600000, 0x000000008d700000|  0%| F|  |TAMS 0x000000008d600000, 0x000000008d600000| Untracked 
| 183|0x000000008d700000, 0x000000008d700000, 0x000000008d800000|  0%| F|  |TAMS 0x000000008d700000, 0x000000008d700000| Untracked 
| 184|0x000000008d800000, 0x000000008d800000, 0x000000008d900000|  0%| F|  |TAMS 0x000000008d800000, 0x000000008d800000| Untracked 
| 185|0x000000008d900000, 0x000000008d900000, 0x000000008da00000|  0%| F|  |TAMS 0x000000008d900000, 0x000000008d900000| Untracked 
| 186|0x000000008da00000, 0x000000008da00000, 0x000000008db00000|  0%| F|  |TAMS 0x000000008da00000, 0x000000008da00000| Untracked 
| 187|0x000000008db00000, 0x000000008db00000, 0x000000008dc00000|  0%| F|  |TAMS 0x000000008db00000, 0x000000008db00000| Untracked 
| 188|0x000000008dc00000, 0x000000008dc00000, 0x000000008dd00000|  0%| F|  |TAMS 0x000000008dc00000, 0x000000008dc00000| Untracked 
| 189|0x000000008dd00000, 0x000000008dd00000, 0x000000008de00000|  0%| F|  |TAMS 0x000000008dd00000, 0x000000008dd00000| Untracked 
| 190|0x000000008de00000, 0x000000008de00000, 0x000000008df00000|  0%| F|  |TAMS 0x000000008de00000, 0x000000008de00000| Untracked 
| 191|0x000000008df00000, 0x000000008df00000, 0x000000008e000000|  0%| F|  |TAMS 0x000000008df00000, 0x000000008df00000| Untracked 
| 192|0x000000008e000000, 0x000000008e000000, 0x000000008e100000|  0%| F|  |TAMS 0x000000008e000000, 0x000000008e000000| Untracked 
| 193|0x000000008e100000, 0x000000008e100000, 0x000000008e200000|  0%| F|  |TAMS 0x000000008e100000, 0x000000008e100000| Untracked 
| 194|0x000000008e200000, 0x000000008e200000, 0x000000008e300000|  0%| F|  |TAMS 0x000000008e200000, 0x000000008e200000| Untracked 
| 195|0x000000008e300000, 0x000000008e300000, 0x000000008e400000|  0%| F|  |TAMS 0x000000008e300000, 0x000000008e300000| Untracked 
| 196|0x000000008e400000, 0x000000008e400000, 0x000000008e500000|  0%| F|  |TAMS 0x000000008e400000, 0x000000008e400000| Untracked 
| 197|0x000000008e500000, 0x000000008e500000, 0x000000008e600000|  0%| F|  |TAMS 0x000000008e500000, 0x000000008e500000| Untracked 

Card table byte_map: [0x00000266a1a30000,0x00000266a1e20000] _byte_map_base: 0x00000266a1620000

Marking Bits (Prev, Next): (CMBitMap*) 0x000002668977cb70, (CMBitMap*) 0x000002668977cbb0
 Prev Bits: [0x00000266a2210000, 0x00000266a4190000)
 Next Bits: [0x00000266a4190000, 0x00000266a6110000)

Polling page: 0x00000266874f0000

Metaspace:

Usage:
  Non-class:     16.83 MB used.
      Class:      1.90 MB used.
       Both:     18.73 MB used.

Virtual space:
  Non-class space:       24.00 MB reserved,      17.00 MB ( 71%) committed,  3 nodes.
      Class space:        1.00 GB reserved,       2.06 MB ( <1%) committed,  1 nodes.
              Both:        1.02 GB reserved,      19.06 MB (  2%) committed. 

Chunk freelists:
   Non-Class:  2.89 MB
       Class:  1.97 MB
        Both:  4.86 MB

MaxMetaspaceSize: 17179869184.00 GB
CompressedClassSpaceSize: 1.00 GB
 - commit_granule_bytes: 65536.
 - commit_granule_words: 8192.
 - virtual_space_node_default_size: 1048576.
 - enlarge_chunks_in_place: 1.
 - new_chunks_are_fully_committed: 0.
 - uncommit_free_chunks: 1.
 - use_allocation_guard: 0.
 - handle_deallocations: 1.


Internal statistics:

num_allocs_failed_limit: 0.
num_arena_births: 96.
num_arena_deaths: 0.
num_vsnodes_births: 4.
num_vsnodes_deaths: 0.
num_space_committed: 305.
num_space_uncommitted: 0.
num_chunks_returned_to_freelist: 0.
num_chunks_taken_from_freelist: 763.
num_chunk_merges: 0.
num_chunk_splits: 535.
num_chunks_enlarged: 427.
num_purges: 0.

CodeHeap 'non-profiled nmethods': size=120000Kb used=3022Kb max_used=3022Kb free=116977Kb
 bounds [0x0000026699bc0000, 0x0000026699ec0000, 0x00000266a10f0000]
CodeHeap 'profiled nmethods': size=120000Kb used=11287Kb max_used=11287Kb free=108712Kb
 bounds [0x0000026692690000, 0x00000266931a0000, 0x0000026699bc0000]
CodeHeap 'non-nmethods': size=5760Kb used=1224Kb max_used=1275Kb free=4535Kb
 bounds [0x00000266920f0000, 0x0000026692360000, 0x0000026692690000]
 total_blobs=5699 nmethods=5176 adapters=435
 compilation: enabled
              stopped_count=0, restarted_count=0
 full_count=0

Compilation events (20 events):
Event: 7.151 Thread 0x00000266a8d444d0 5236       2       org.vafer.jdependency.Clazz::equals (28 bytes)
Event: 7.152 Thread 0x00000266a8d444d0 nmethod 5236 0x0000026693190210 code [0x00000266931903c0, 0x0000026693190588]
Event: 7.154 Thread 0x00000266a8d444d0 5239       2       java.util.jar.JarOutputStream::putNextEntry (81 bytes)
Event: 7.154 Thread 0x00000266a8d444d0 nmethod 5239 0x0000026693190690 code [0x0000026693190880, 0x0000026693190d78]
Event: 7.154 Thread 0x00000266a8d444d0 5244       2       java.util.zip.ZipOutputStream::getExtraLen (96 bytes)
Event: 7.155 Thread 0x00000266a8d444d0 nmethod 5244 0x0000026693191010 code [0x00000266931911c0, 0x0000026693191478]
Event: 7.155 Thread 0x00000266a8d444d0 5240       2       java.util.zip.ZipOutputStream::putNextEntry (344 bytes)
Event: 7.156 Thread 0x00000266a8d444d0 nmethod 5240 0x0000026693191610 code [0x00000266931918e0, 0x0000026693192598]
Event: 7.156 Thread 0x00000266a8d444d0 5245   !   2       java.util.zip.Deflater::getBytesRead (23 bytes)
Event: 7.156 Thread 0x00000266a8d444d0 nmethod 5245 0x0000026693192b90 code [0x0000026693192d40, 0x0000026693192f48]
Event: 7.156 Thread 0x00000266a8d444d0 5241       2       java.util.zip.ZipOutputStream$XEntry::<init> (15 bytes)
Event: 7.156 Thread 0x00000266a8d444d0 nmethod 5241 0x0000026693193090 code [0x0000026693193220, 0x0000026693193378]
Event: 7.156 Thread 0x00000266a8d444d0 5242  s    2       java.util.Vector::add (25 bytes)
Event: 7.156 Thread 0x00000266a8d444d0 nmethod 5242 0x0000026693193410 code [0x00000266931935c0, 0x0000026693193908]
Event: 7.156 Thread 0x00000266a8d444d0 5243       2       java.util.zip.ZipOutputStream::writeLOC (621 bytes)
Event: 7.158 Thread 0x00000266a8d444d0 nmethod 5243 0x0000026693193a90 code [0x0000026693193ea0, 0x0000026693194b38]
Event: 7.158 Thread 0x00000266a8d444d0 5246       2       java.util.zip.ZipUtils::extendedDosToJavaTime (12 bytes)
Event: 7.159 Thread 0x00000266a8d444d0 nmethod 5246 0x0000026693195510 code [0x00000266931956c0, 0x00000266931957e8]
Event: 7.159 Thread 0x00000266a8d444d0 5247       2       java.time.chrono.IsoChronology::isLeapYear (36 bytes)
Event: 7.159 Thread 0x00000266a8d444d0 nmethod 5247 0x0000026693195890 code [0x0000026693195a20, 0x0000026693195bf8]

GC Heap History (20 events):
Event: 3.689 GC heap after
{Heap after GC invocations=3 (full 0):
 garbage-first heap   total 129024K, used 9584K [0x0000000082000000, 0x0000000100000000)
  region size 1024K, 6 young (6144K), 6 survivors (6144K)
 Metaspace       used 15183K, committed 15360K, reserved 1064960K
  class space    used 1625K, committed 1728K, reserved 1048576K
}
Event: 5.168 GC heap before
{Heap before GC invocations=3 (full 0):
 garbage-first heap   total 129024K, used 80240K [0x0000000082000000, 0x0000000100000000)
  region size 1024K, 75 young (76800K), 6 survivors (6144K)
 Metaspace       used 17947K, committed 18240K, reserved 1073152K
  class space    used 1900K, committed 2048K, reserved 1048576K
}
Event: 5.176 GC heap after
{Heap after GC invocations=4 (full 0):
 garbage-first heap   total 129024K, used 12973K [0x0000000082000000, 0x0000000100000000)
  region size 1024K, 8 young (8192K), 8 survivors (8192K)
 Metaspace       used 17947K, committed 18240K, reserved 1073152K
  class space    used 1900K, committed 2048K, reserved 1048576K
}
Event: 5.446 GC heap before
{Heap before GC invocations=4 (full 0):
 garbage-first heap   total 129024K, used 81581K [0x0000000082000000, 0x0000000100000000)
  region size 1024K, 75 young (76800K), 8 survivors (8192K)
 Metaspace       used 18406K, committed 18752K, reserved 1073152K
  class space    used 1911K, committed 2048K, reserved 1048576K
}
Event: 5.456 GC heap after
{Heap after GC invocations=5 (full 0):
 garbage-first heap   total 129024K, used 14858K [0x0000000082000000, 0x0000000100000000)
  region size 1024K, 6 young (6144K), 6 survivors (6144K)
 Metaspace       used 18406K, committed 18752K, reserved 1073152K
  class space    used 1911K, committed 2048K, reserved 1048576K
}
Event: 5.592 GC heap before
{Heap before GC invocations=5 (full 0):
 garbage-first heap   total 129024K, used 85514K [0x0000000082000000, 0x0000000100000000)
  region size 1024K, 75 young (76800K), 6 survivors (6144K)
 Metaspace       used 18413K, committed 18752K, reserved 1073152K
  class space    used 1911K, committed 2048K, reserved 1048576K
}
Event: 5.601 GC heap after
{Heap after GC invocations=6 (full 0):
 garbage-first heap   total 129024K, used 16838K [0x0000000082000000, 0x0000000100000000)
  region size 1024K, 8 young (8192K), 8 survivors (8192K)
 Metaspace       used 18413K, committed 18752K, reserved 1073152K
  class space    used 1911K, committed 2048K, reserved 1048576K
}
Event: 5.744 GC heap before
{Heap before GC invocations=6 (full 0):
 garbage-first heap   total 129024K, used 85446K [0x0000000082000000, 0x0000000100000000)
  region size 1024K, 75 young (76800K), 8 survivors (8192K)
 Metaspace       used 18417K, committed 18752K, reserved 1073152K
  class space    used 1911K, committed 2048K, reserved 1048576K
}
Event: 5.756 GC heap after
{Heap after GC invocations=7 (full 0):
 garbage-first heap   total 129024K, used 18307K [0x0000000082000000, 0x0000000100000000)
  region size 1024K, 6 young (6144K), 6 survivors (6144K)
 Metaspace       used 18417K, committed 18752K, reserved 1073152K
  class space    used 1911K, committed 2048K, reserved 1048576K
}
Event: 5.920 GC heap before
{Heap before GC invocations=7 (full 0):
 garbage-first heap   total 129024K, used 88963K [0x0000000082000000, 0x0000000100000000)
  region size 1024K, 75 young (76800K), 6 survivors (6144K)
 Metaspace       used 18417K, committed 18752K, reserved 1073152K
  class space    used 1911K, committed 2048K, reserved 1048576K
}
Event: 5.928 GC heap after
{Heap after GC invocations=8 (full 0):
 garbage-first heap   total 129024K, used 20276K [0x0000000082000000, 0x0000000100000000)
  region size 1024K, 8 young (8192K), 8 survivors (8192K)
 Metaspace       used 18417K, committed 18752K, reserved 1073152K
  class space    used 1911K, committed 2048K, reserved 1048576K
}
Event: 6.071 GC heap before
{Heap before GC invocations=8 (full 0):
 garbage-first heap   total 129024K, used 88884K [0x0000000082000000, 0x0000000100000000)
  region size 1024K, 75 young (76800K), 8 survivors (8192K)
 Metaspace       used 18421K, committed 18752K, reserved 1073152K
  class space    used 1911K, committed 2048K, reserved 1048576K
}
Event: 6.082 GC heap after
{Heap after GC invocations=9 (full 0):
 garbage-first heap   total 202752K, used 21749K [0x0000000082000000, 0x0000000100000000)
  region size 1024K, 6 young (6144K), 6 survivors (6144K)
 Metaspace       used 18421K, committed 18752K, reserved 1073152K
  class space    used 1911K, committed 2048K, reserved 1048576K
}
Event: 6.363 GC heap before
{Heap before GC invocations=9 (full 0):
 garbage-first heap   total 202752K, used 136437K [0x0000000082000000, 0x0000000100000000)
  region size 1024K, 118 young (120832K), 6 survivors (6144K)
 Metaspace       used 18424K, committed 18752K, reserved 1073152K
  class space    used 1911K, committed 2048K, reserved 1048576K
}
Event: 6.375 GC heap after
{Heap after GC invocations=10 (full 0):
 garbage-first heap   total 202752K, used 24922K [0x0000000082000000, 0x0000000100000000)
  region size 1024K, 9 young (9216K), 9 survivors (9216K)
 Metaspace       used 18424K, committed 18752K, reserved 1073152K
  class space    used 1911K, committed 2048K, reserved 1048576K
}
Event: 6.576 GC heap before
{Heap before GC invocations=10 (full 0):
 garbage-first heap   total 202752K, used 136538K [0x0000000082000000, 0x0000000100000000)
  region size 1024K, 118 young (120832K), 9 survivors (9216K)
 Metaspace       used 18425K, committed 18752K, reserved 1073152K
  class space    used 1911K, committed 2048K, reserved 1048576K
}
Event: 6.590 GC heap after
{Heap after GC invocations=11 (full 0):
 garbage-first heap   total 202752K, used 28262K [0x0000000082000000, 0x0000000100000000)
  region size 1024K, 11 young (11264K), 11 survivors (11264K)
 Metaspace       used 18425K, committed 18752K, reserved 1073152K
  class space    used 1911K, committed 2048K, reserved 1048576K
}
Event: 6.791 GC heap before
{Heap before GC invocations=11 (full 0):
 garbage-first heap   total 202752K, used 137830K [0x0000000082000000, 0x0000000100000000)
  region size 1024K, 118 young (120832K), 11 survivors (11264K)
 Metaspace       used 18426K, committed 18752K, reserved 1073152K
  class space    used 1911K, committed 2048K, reserved 1048576K
}
Event: 6.804 GC heap after
{Heap after GC invocations=12 (full 0):
 garbage-first heap   total 202752K, used 32281K [0x0000000082000000, 0x0000000100000000)
  region size 1024K, 11 young (11264K), 11 survivors (11264K)
 Metaspace       used 18426K, committed 18752K, reserved 1073152K
  class space    used 1911K, committed 2048K, reserved 1048576K
}
Event: 7.160 GC heap before
{Heap before GC invocations=12 (full 0):
 garbage-first heap   total 202752K, used 141849K [0x0000000082000000, 0x0000000100000000)
  region size 1024K, 118 young (120832K), 11 survivors (11264K)
 Metaspace       used 19184K, committed 19520K, reserved 1073152K
  class space    used 1945K, committed 2112K, reserved 1048576K
}

Deoptimization events (20 events):
Event: 6.971 Thread 0x0000026689743240 DEOPT PACKING pc=0x00000266930ce931 sp=0x000000fef52fd600
Event: 6.971 Thread 0x0000026689743240 DEOPT UNPACKING pc=0x000002669213dece sp=0x000000fef52fcb10 mode 0
Event: 6.973 Thread 0x0000026689743240 DEOPT PACKING pc=0x00000266930cb76a sp=0x000000fef52fd3f0
Event: 6.973 Thread 0x0000026689743240 DEOPT UNPACKING pc=0x000002669213dece sp=0x000000fef52fc898 mode 0
Event: 7.087 Thread 0x0000026689743240 Uncommon trap: trap_request=0xffffffbe fr.pc=0x0000026699eae7f0 relative=0x0000000000000970
Event: 7.087 Thread 0x0000026689743240 Uncommon trap: reason=profile_predicate action=maybe_recompile pc=0x0000026699eae7f0 method=java.util.regex.Pattern$BnM.optimize(Ljava/util/regex/Pattern$Node;)Ljava/util/regex/Pattern$Node; @ 67 c2
Event: 7.087 Thread 0x0000026689743240 DEOPT PACKING pc=0x0000026699eae7f0 sp=0x000000fef52fdb70
Event: 7.087 Thread 0x0000026689743240 DEOPT UNPACKING pc=0x000002669213d72e sp=0x000000fef52fdaa0 mode 2
Event: 7.088 Thread 0x0000026689743240 Uncommon trap: trap_request=0xffffffbe fr.pc=0x0000026699eae7f0 relative=0x0000000000000970
Event: 7.088 Thread 0x0000026689743240 Uncommon trap: reason=profile_predicate action=maybe_recompile pc=0x0000026699eae7f0 method=java.util.regex.Pattern$BnM.optimize(Ljava/util/regex/Pattern$Node;)Ljava/util/regex/Pattern$Node; @ 67 c2
Event: 7.088 Thread 0x0000026689743240 DEOPT PACKING pc=0x0000026699eae7f0 sp=0x000000fef52fdb70
Event: 7.088 Thread 0x0000026689743240 DEOPT UNPACKING pc=0x000002669213d72e sp=0x000000fef52fdaa0 mode 2
Event: 7.088 Thread 0x0000026689743240 Uncommon trap: trap_request=0xffffffbe fr.pc=0x0000026699eae7f0 relative=0x0000000000000970
Event: 7.088 Thread 0x0000026689743240 Uncommon trap: reason=profile_predicate action=maybe_recompile pc=0x0000026699eae7f0 method=java.util.regex.Pattern$BnM.optimize(Ljava/util/regex/Pattern$Node;)Ljava/util/regex/Pattern$Node; @ 67 c2
Event: 7.088 Thread 0x0000026689743240 DEOPT PACKING pc=0x0000026699eae7f0 sp=0x000000fef52fdb70
Event: 7.088 Thread 0x0000026689743240 DEOPT UNPACKING pc=0x000002669213d72e sp=0x000000fef52fdaa0 mode 2
Event: 7.088 Thread 0x0000026689743240 Uncommon trap: trap_request=0xffffffbe fr.pc=0x0000026699eae7f0 relative=0x0000000000000970
Event: 7.088 Thread 0x0000026689743240 Uncommon trap: reason=profile_predicate action=maybe_recompile pc=0x0000026699eae7f0 method=java.util.regex.Pattern$BnM.optimize(Ljava/util/regex/Pattern$Node;)Ljava/util/regex/Pattern$Node; @ 67 c2
Event: 7.088 Thread 0x0000026689743240 DEOPT PACKING pc=0x0000026699eae7f0 sp=0x000000fef52fdb70
Event: 7.088 Thread 0x0000026689743240 DEOPT UNPACKING pc=0x000002669213d72e sp=0x000000fef52fdaa0 mode 2

Classes unloaded (0 events):
No events

Classes redefined (0 events):
No events

Internal exceptions (16 events):
Event: 0.110 Thread 0x00000266a99a1490 Exception <a 'java/lang/NoSuchMethodError'{0x0000000089cf5130}: 'java.lang.Object java.lang.invoke.DirectMethodHandle$Holder.invokeStatic(java.lang.Object)'> (0x0000000089cf5130) 
thrown [c:\wsjdk\correttojdksrc\installers\windows\zip\corretto-build\buildroot\src\hotspot\share\interpreter\linkResolver.cpp, line 790]
Event: 0.111 Thread 0x00000266a99a1490 Exception <a 'java/lang/NoSuchMethodError'{0x0000000089cf8a40}: 'java.lang.Object java.lang.invoke.DirectMethodHandle$Holder.invokeStaticInit(java.lang.Object)'> (0x0000000089cf8a40) 
thrown [c:\wsjdk\correttojdksrc\installers\windows\zip\corretto-build\buildroot\src\hotspot\share\interpreter\linkResolver.cpp, line 790]
Event: 0.118 Thread 0x00000266a99a1490 Exception <a 'java/lang/NoSuchMethodError'{0x0000000089b7e770}: 'void java.lang.invoke.DirectMethodHandle$Holder.invokeStatic(java.lang.Object, java.lang.Object)'> (0x0000000089b7e770) 
thrown [c:\wsjdk\correttojdksrc\installers\windows\zip\corretto-build\buildroot\src\hotspot\share\interpreter\linkResolver.cpp, line 790]
Event: 0.239 Thread 0x0000026689743240 Exception <a 'java/lang/NoSuchMethodError'{0x000000008987eeb0}: 'java.lang.Object java.lang.invoke.DirectMethodHandle$Holder.invokeStaticInit(java.lang.Object, int, int, int, int)'> (0x000000008987eeb0) 
thrown [c:\wsjdk\correttojdksrc\installers\windows\zip\corretto-build\buildroot\src\hotspot\share\interpreter\linkResolver.cpp, line 790]
Event: 0.300 Thread 0x0000026689743240 Exception <a 'java/lang/NoSuchMethodError'{0x0000000089748f58}: 'java.lang.Object java.lang.invoke.DirectMethodHandle$Holder.invokeStaticInit(java.lang.Object, java.lang.Object, int, int, int, int)'> (0x0000000089748f58) 
thrown [c:\wsjdk\correttojdksrc\installers\windows\zip\corretto-build\buildroot\src\hotspot\share\interpreter\linkResolver.cpp, line 790]
Event: 0.582 Thread 0x0000026689743240 Exception <a 'java/lang/NoSuchMethodError'{0x00000000891548c0}: 'void java.lang.invoke.DirectMethodHandle$Holder.invokeSpecial(java.lang.Object, java.lang.Object, java.lang.Object)'> (0x00000000891548c0) 
thrown [c:\wsjdk\correttojdksrc\installers\windows\zip\corretto-build\buildroot\src\hotspot\share\interpreter\linkResolver.cpp, line 790]
Event: 0.735 Thread 0x0000026689743240 Exception <a 'java/lang/NoSuchMethodError'{0x0000000088ca8b88}: 'java.lang.Object java.lang.invoke.DirectMethodHandle$Holder.newInvokeSpecial(java.lang.Object, java.lang.Object, java.lang.Object, java.lang.Object, java.lang.Object)'> (0x0000000088ca8b88) 
thrown [c:\wsjdk\correttojdksrc\installers\windows\zip\corretto-build\buildroot\src\hotspot\share\interpreter\linkResolver.cpp, line 790]
Event: 1.772 Thread 0x0000026689743240 Exception <a 'java/lang/NoClassDefFoundError'{0x0000000089914818}: com/google/inject/servlet/ServletModuleTargetVisitor> (0x0000000089914818) 
thrown [c:\wsjdk\correttojdksrc\installers\windows\zip\corretto-build\buildroot\src\hotspot\share\classfile\systemDictionary.cpp, line 245]
Event: 1.772 Thread 0x0000026689743240 Exception <a 'java/lang/NoClassDefFoundError'{0x0000000089916458}: javax/annotation/Priority> (0x0000000089916458) 
thrown [c:\wsjdk\correttojdksrc\installers\windows\zip\corretto-build\buildroot\src\hotspot\share\classfile\systemDictionary.cpp, line 245]
Event: 2.418 Thread 0x0000026689743240 Implicit null exception at 0x0000026699ca6258 to 0x0000026699ca62ee
Event: 2.434 Thread 0x0000026689743240 Implicit null exception at 0x0000026699c43baf to 0x0000026699c43c2d
Event: 2.496 Thread 0x0000026689743240 Implicit null exception at 0x0000026699c755f1 to 0x0000026699c757d4
Event: 2.501 Thread 0x0000026689743240 Implicit null exception at 0x0000026699c74f71 to 0x0000026699c75154
Event: 5.101 Thread 0x0000026689743240 Exception <a 'java/lang/NoClassDefFoundError'{0x0000000085cf15c8}: org/sonatype/aether/graph/Dependency> (0x0000000085cf15c8) 
thrown [c:\wsjdk\correttojdksrc\installers\windows\zip\corretto-build\buildroot\src\hotspot\share\classfile\systemDictionary.cpp, line 245]
Event: 5.146 Thread 0x0000026689743240 Exception <a 'java/lang/NoSuchMethodError'{0x000000008594b820}: 'java.lang.Object java.lang.invoke.DirectMethodHandle$Holder.invokeInterface(java.lang.Object, java.lang.Object)'> (0x000000008594b820) 
thrown [c:\wsjdk\correttojdksrc\installers\windows\zip\corretto-build\buildroot\src\hotspot\share\interpreter\linkResolver.cpp, line 790]
Event: 6.887 Thread 0x0000026689743240 Exception <a 'java/io/FileNotFoundException'{0x000000008bcbca70}> (0x000000008bcbca70) 
thrown [c:\wsjdk\correttojdksrc\installers\windows\zip\corretto-build\buildroot\src\hotspot\share\prims\jni.cpp, line 579]

Events (20 events):
Event: 5.456 Executing  VM operation: G1CollectForAllocation done
Event: 5.592 Executing  VM operation: G1CollectForAllocation
Event: 5.601 Executing  VM operation: G1CollectForAllocation done
Event: 5.744 Executing  VM operation: G1CollectForAllocation
Event: 5.756 Executing  VM operation: G1CollectForAllocation done
Event: 5.920 Executing  VM operation: G1CollectForAllocation
Event: 5.928 Executing  VM operation: G1CollectForAllocation done
Event: 6.071 Executing  VM operation: G1CollectForAllocation
Event: 6.082 Executing  VM operation: G1CollectForAllocation done
Event: 6.363 Executing  VM operation: G1CollectForAllocation
Event: 6.375 Executing  VM operation: G1CollectForAllocation done
Event: 6.576 Executing  VM operation: G1CollectForAllocation
Event: 6.590 Executing  VM operation: G1CollectForAllocation done
Event: 6.791 Executing  VM operation: G1CollectForAllocation
Event: 6.804 Executing  VM operation: G1CollectForAllocation done
Event: 6.888 loading class java/util/zip/ZipFile$ZipEntryIterator
Event: 6.888 loading class java/util/zip/ZipFile$ZipEntryIterator done
Event: 6.920 loading class java/util/zip/ZipOutputStream$XEntry
Event: 6.920 loading class java/util/zip/ZipOutputStream$XEntry done
Event: 7.160 Executing  VM operation: G1CollectForAllocation


Dynamic libraries:
0x00007ff760690000 - 0x00007ff76069d000 	C:\Program Files\Amazon Corretto\jdk16.0.1_9\bin\java.exe
0x00007ffa532a0000 - 0x00007ffa534a7000 	C:\WINDOWS\SYSTEM32\ntdll.dll
0x00007ffa51ea0000 - 0x00007ffa51f5d000 	C:\WINDOWS\System32\KERNEL32.DLL
0x00007ffa50c40000 - 0x00007ffa50fb4000 	C:\WINDOWS\System32\KERNELBASE.dll
0x00007ffa4d080000 - 0x00007ffa4d111000 	C:\WINDOWS\SYSTEM32\apphelp.dll
0x00007ffa50780000 - 0x00007ffa50891000 	C:\WINDOWS\System32\ucrtbase.dll
0x00007ffa20700000 - 0x00007ffa20718000 	C:\Program Files\Amazon Corretto\jdk16.0.1_9\bin\jli.dll
0x00007ffa1c650000 - 0x00007ffa1c665000 	C:\Program Files\Amazon Corretto\jdk16.0.1_9\bin\VCRUNTIME140.dll
0x00007ffa514f0000 - 0x00007ffa5169c000 	C:\WINDOWS\System32\USER32.dll
0x00007ffa3b9b0000 - 0x00007ffa3bc55000 	C:\WINDOWS\WinSxS\amd64_microsoft.windows.common-controls_6595b64144ccf1df_6.0.22000.51_none_25c0e06ad7789dba\COMCTL32.dll
0x00007ffa509c0000 - 0x00007ffa509e6000 	C:\WINDOWS\System32\win32u.dll
0x00007ffa51130000 - 0x00007ffa511d3000 	C:\WINDOWS\System32\msvcrt.dll
0x00007ffa51450000 - 0x00007ffa51479000 	C:\WINDOWS\System32\GDI32.dll
0x00007ffa508a0000 - 0x00007ffa509b2000 	C:\WINDOWS\System32\gdi32full.dll
0x00007ffa50ae0000 - 0x00007ffa50b7d000 	C:\WINDOWS\System32\msvcp_win.dll
0x00007ffa52af0000 - 0x00007ffa52b21000 	C:\WINDOWS\System32\IMM32.DLL
0x00007ffa0f8c0000 - 0x00007ffa0f95b000 	C:\Program Files\Amazon Corretto\jdk16.0.1_9\bin\msvcp140.dll
0x00007ffa0e500000 - 0x00007ffa0f109000 	C:\Program Files\Amazon Corretto\jdk16.0.1_9\bin\server\jvm.dll
0x00007ffa52b30000 - 0x00007ffa52bdc000 	C:\WINDOWS\System32\ADVAPI32.dll
0x00007ffa52730000 - 0x00007ffa527cd000 	C:\WINDOWS\System32\sechost.dll
0x00007ffa511e0000 - 0x00007ffa51301000 	C:\WINDOWS\System32\RPCRT4.dll
0x00007ffa51b10000 - 0x00007ffa51b18000 	C:\WINDOWS\System32\PSAPI.DLL
0x00007ffa40e00000 - 0x00007ffa40e09000 	C:\WINDOWS\SYSTEM32\WSOCK32.dll
0x00007ffa4a7e0000 - 0x00007ffa4a813000 	C:\WINDOWS\SYSTEM32\WINMM.dll
0x00007ffa467c0000 - 0x00007ffa467ca000 	C:\WINDOWS\SYSTEM32\VERSION.dll
0x00007ffa531f0000 - 0x00007ffa5325f000 	C:\WINDOWS\System32\WS2_32.dll
0x00007ffa4f900000 - 0x00007ffa4f918000 	C:\WINDOWS\SYSTEM32\kernel.appcore.dll
0x00007ffa43050000 - 0x00007ffa4305a000 	C:\Program Files\Amazon Corretto\jdk16.0.1_9\bin\jimage.dll
0x00007ffa4e1c0000 - 0x00007ffa4e3e1000 	C:\WINDOWS\SYSTEM32\DBGHELP.DLL
0x00007ffa3b740000 - 0x00007ffa3b771000 	C:\WINDOWS\SYSTEM32\dbgcore.DLL
0x00007ffa509f0000 - 0x00007ffa50a70000 	C:\WINDOWS\System32\bcryptPrimitives.dll
0x00007ffa406b0000 - 0x00007ffa406be000 	C:\Program Files\Amazon Corretto\jdk16.0.1_9\bin\instrument.dll
0x00007ffa1a190000 - 0x00007ffa1a1b5000 	C:\Program Files\Amazon Corretto\jdk16.0.1_9\bin\java.dll
0x00007ffa51f60000 - 0x00007ffa52708000 	C:\WINDOWS\System32\SHELL32.dll
0x00007ffa4e750000 - 0x00007ffa4efb2000 	C:\WINDOWS\SYSTEM32\windows.storage.dll
0x00007ffa51b20000 - 0x00007ffa51e98000 	C:\WINDOWS\System32\combase.dll
0x00007ffa4e5e0000 - 0x00007ffa4e746000 	C:\WINDOWS\SYSTEM32\wintypes.dll
0x00007ffa52a00000 - 0x00007ffa52aea000 	C:\WINDOWS\System32\SHCORE.dll
0x00007ffa51490000 - 0x00007ffa514ed000 	C:\WINDOWS\System32\shlwapi.dll
0x00007ffa506b0000 - 0x00007ffa506d1000 	C:\WINDOWS\SYSTEM32\profapi.dll
0x00007ffa100b0000 - 0x00007ffa100c8000 	C:\Program Files\Amazon Corretto\jdk16.0.1_9\bin\zip.dll
0x00007ffa1c630000 - 0x00007ffa1c649000 	C:\Program Files\Amazon Corretto\jdk16.0.1_9\bin\net.dll
0x00007ffa4b4a0000 - 0x00007ffa4b5ac000 	C:\WINDOWS\SYSTEM32\WINHTTP.dll
0x00007ffa4fd60000 - 0x00007ffa4fdc7000 	C:\WINDOWS\system32\mswsock.dll
0x00007ffa100d0000 - 0x00007ffa100e3000 	C:\Program Files\Amazon Corretto\jdk16.0.1_9\bin\nio.dll
0x00007ffa42320000 - 0x00007ffa4233a000 	C:\Program Files\JetBrains\IntelliJ IDEA Community Edition 2021.1.2\bin\breakgen64.dll
0x00007ffa28ce0000 - 0x00007ffa28cf0000 	C:\Program Files\Amazon Corretto\jdk16.0.1_9\bin\verify.dll
0x00007ffa50030000 - 0x00007ffa50048000 	C:\WINDOWS\SYSTEM32\CRYPTSP.dll
0x00007ffa4f8c0000 - 0x00007ffa4f8f5000 	C:\WINDOWS\system32\rsaenh.dll
0x00007ffa4fe00000 - 0x00007ffa4fe29000 	C:\WINDOWS\SYSTEM32\USERENV.dll
0x00007ffa50170000 - 0x00007ffa50197000 	C:\WINDOWS\SYSTEM32\bcrypt.dll
0x00007ffa4ff50000 - 0x00007ffa4ff5c000 	C:\WINDOWS\SYSTEM32\CRYPTBASE.dll
0x00007ffa4f430000 - 0x00007ffa4f45d000 	C:\WINDOWS\SYSTEM32\IPHLPAPI.DLL
0x00007ffa51480000 - 0x00007ffa51489000 	C:\WINDOWS\System32\NSI.dll
0x00007ffa4c0c0000 - 0x00007ffa4c0d9000 	C:\WINDOWS\SYSTEM32\dhcpcsvc6.DLL
0x00007ffa4bd50000 - 0x00007ffa4bd6e000 	C:\WINDOWS\SYSTEM32\dhcpcsvc.DLL
0x00007ffa4f460000 - 0x00007ffa4f547000 	C:\WINDOWS\SYSTEM32\DNSAPI.dll
0x00007ffa4d270000 - 0x00007ffa4d27a000 	C:\Users\chana\AppData\Local\Temp\jansi-1.17.1-18264561517597437540.dll
0x00007ffa422a0000 - 0x00007ffa422aa000 	C:\Users\chana\AppData\Local\Temp\jansi-1.17.1-3326512783596123590.dll

dbghelp: loaded successfully - version: 4.0.5 - missing functions: none
symbol engine: initialized successfully - sym options: 0x614 - pdb path: .;C:\Program Files\Amazon Corretto\jdk16.0.1_9\bin;C:\WINDOWS\SYSTEM32;C:\WINDOWS\WinSxS\amd64_microsoft.windows.common-controls_6595b64144ccf1df_6.0.22000.51_none_25c0e06ad7789dba;C:\Program Files\Amazon Corretto\jdk16.0.1_9\bin\server;C:\Program Files\JetBrains\IntelliJ IDEA Community Edition 2021.1.2\bin;C:\Users\chana\AppData\Local\Temp

VM Arguments:
jvm_args: -Dmaven.multiModuleProjectDirectory=C:\Users\chana\ServerGuard-Remastered -Dmaven.home=C:\Program Files\JetBrains\IntelliJ IDEA Community Edition 2021.1.2\plugins\maven\lib\maven3 -Dclassworlds.conf=C:\Program Files\JetBrains\IntelliJ IDEA Community Edition 2021.1.2\plugins\maven\lib\maven3\bin\m2.conf -Dmaven.ext.class.path=C:\Program Files\JetBrains\IntelliJ IDEA Community Edition 2021.1.2\plugins\maven\lib\maven-event-listener.jar -javaagent:C:\Program Files\JetBrains\IntelliJ IDEA Community Edition 2021.1.2\lib\idea_rt.jar=51289:C:\Program Files\JetBrains\IntelliJ IDEA Community Edition 2021.1.2\bin -Dfile.encoding=UTF-8 
java_command: org.codehaus.classworlds.Launcher -Didea.version=2021.1.3 package
java_class_path (initial): C:\Program Files\JetBrains\IntelliJ IDEA Community Edition 2021.1.2\plugins\maven\lib\maven3\boot\plexus-classworlds-2.6.0.jar;C:\Program Files\JetBrains\IntelliJ IDEA Community Edition 2021.1.2\plugins\maven\lib\maven3\boot\plexus-classworlds.license
Launcher Type: SUN_STANDARD

[Global flags]
     intx CICompilerCount                          = 4                                         {product} {ergonomic}
     uint ConcGCThreads                            = 3                                         {product} {ergonomic}
     uint G1ConcRefinementThreads                  = 10                                        {product} {ergonomic}
   size_t G1HeapRegionSize                         = 1048576                                   {product} {ergonomic}
    uintx GCDrainStackTargetSize                   = 64                                        {product} {ergonomic}
   size_t InitialHeapSize                          = 132120576                                 {product} {ergonomic}
   size_t MarkStackSize                            = 4194304                                   {product} {ergonomic}
   size_t MaxHeapSize                              = 2113929216                                {product} {ergonomic}
   size_t MaxNewSize                               = 1267728384                                {product} {ergonomic}
   size_t MinHeapDeltaBytes                        = 1048576                                   {product} {ergonomic}
   size_t MinHeapSize                              = 8388608                                   {product} {ergonomic}
    uintx NonNMethodCodeHeapSize                   = 5839372                                {pd product} {ergonomic}
    uintx NonProfiledCodeHeapSize                  = 122909434                              {pd product} {ergonomic}
    uintx ProfiledCodeHeapSize                     = 122909434                              {pd product} {ergonomic}
    uintx ReservedCodeCacheSize                    = 251658240                              {pd product} {ergonomic}
     bool SegmentedCodeCache                       = true                                      {product} {ergonomic}
   size_t SoftMaxHeapSize                          = 2113929216                             {manageable} {ergonomic}
     bool UseCompressedClassPointers               = true                           {product lp64_product} {ergonomic}
     bool UseCompressedOops                        = true                           {product lp64_product} {ergonomic}
     bool UseG1GC                                  = true                                      {product} {ergonomic}
     bool UseLargePagesIndividualAllocation        = false                                  {pd product} {ergonomic}

Logging:
Log output configuration:
 #0: stdout all=warning uptime,level,tags
 #1: stderr all=off uptime,level,tags

Environment Variables:
JAVA_HOME=C:\Program Files\Amazon Corretto\jdk16.0.1_9
PATH=C:\Program Files\Amazon Corretto\jdk11.0.11_9\bin;C:\Program Files\Amazon Corretto\jdk16.0.1_9\bin;C:\Program Files\NVIDIA GPU Computing Toolkit\CUDA\v11.3\bin;C:\Program Files\NVIDIA GPU Computing Toolkit\CUDA\v11.3\libnvvp;C:\WinAVR-20100110\bin;C:\WinAVR-20100110\utils\bin;C:\Program Files\Alacritty\;C:\Python39\Scripts\;C:\Python39\;C:\Users\chana\desktop\depot_tools;C:\Windows\system32;C:\Windows;C:\Windows\System32\Wbem;C:\Windows\System32\WindowsPowerShell\v1.0\;C:\Windows\System32\OpenSSH\;C:\Program Files (x86)\NVIDIA Corporation\PhysX\Common;C:\Program Files\NVIDIA Corporation\NVIDIA NvDLISR;C:\Program Files\Git\cmd;C:\Program Files\nodejs\;C:\ProgramData\chocolatey\bin;C:\Program Files\Go\bin;C:\ProgramData\chocolatey\lib\mpv.install\tools;C:\Strawberry\c\bin;C:\Strawberry\perl\site\bin;C:\Strawberry\perl\bin;C:\Program Files\VSCodium\bin;C:\Program Files\PowerShell\7-preview\preview;C:\Program Files\PuTTY\;C:\Program Files\NVIDIA Corporation\Nsight Compute 2021.1.1\;C:\WINDOWS\system32;C:\WINDOWS;C:\WINDOWS\System32\Wbem;C:\WINDOWS\System32\WindowsPowerShell\v1.0\;C:\WINDOWS\System32\OpenSSH\;C:\Program Files\WireGuard\;C:\Users\chana\.cargo\bin;C:\Users\chana\scoop\shims;C:\Users\chana\AppData\Local\Microsoft\WindowsApps;C:\Users\chana\AppData\Roaming\npm;C:\Users\chana\go\bin;C:\Users\chana\.dotnet\tools;C:\Users\chana\bin;C:\Program Files (x86)\GitHub CLI\;C:\bison;C:\Program Files (x86)\GnuWin32\bin;C:\Strawberry\c\bin;C:\Panda3D-1.10.9-x64\python;C:\Panda3D-1.10.9-x64\python\Scripts;C:\Panda3D-1.10.9-x64\bin;C:\Users\chana\AppData\Local\Programs\VSCodium\bin;C:\Users\chana\AppData\Local\Google\Cloud SDK\google-cloud-sdk\bin;C:\Users\chana\AppData\Local\Microsoft\WindowsApps;C:\Users\chana\AppData\Local\Programs\MiKTeX\miktex\bin\x64\;C:\Users\chana\AppData\Local\atom\bin;C:\Program Files\Emacs\x86_64\bin;C:\Users\chana\.emacs.d\bin\;
USERNAME=chana
OS=Windows_NT
PROCESSOR_IDENTIFIER=AMD64 Family 23 Model 96 Stepping 1, AuthenticAMD



---------------  S Y S T E M  ---------------

OS:
 Windows 10 , 64 bit Build 22000 (10.0.22000.37)
OS uptime: 0 days 1:23 hours
Hyper-V role detected

CPU: total 12 (initial active 12) (12 cores per cpu, 2 threads per core) family 23 model 96 stepping 1 microcode 0x0, cx8, cmov, fxsr, ht, mmx, 3dnowpref, sse, sse2, sse3, ssse3, sse4a, sse4.1, sse4.2, popcnt, lzcnt, tsc, tscinvbit, avx, avx2, aes, clmul, bmi1, bmi2, adx, sha, fma, vzeroupper, clflush, clflushopt, hv

Memory: 4k page, system-wide physical 8061M (302M free)
TotalPageFile size 24445M (AvailPageFile size 83M)
current process WorkingSet (physical memory assigned to process): 362M, peak: 362M
current process commit charge ("private bytes"): 430M, peak: 540M

vm_info: OpenJDK 64-Bit Server VM (16.0.1+9) for windows-amd64 JRE (16.0.1+9), built on Apr 20 2021 21:50:36 by "Administrator" with MS VC++ 15.9 (VS2017)

END.
